[  0000000] Initializing cgroup subsys cpuset
    0.000000] Initializing cgroup subsys cpu
[    0.000000] Initializing cgroup subsys cpuacct
[    0.000000] Linux version 4.4.0-146-generic (buildd@lcy01-amd64-025) (gcc version 5.4.0 20160609 (Ubuntu 5.4.0-6ubuntu1~16.04.10) ) #172-Ubuntu SMP Wed Apr 3 09:00:08 UTC 2019 (Ubuntu 4.4.0-146.172-generic 4.4.177)
[    0.000000] Command line: BOOT_IMAGE=/boot/vmlinuz-4.4.0-146-generic root=LABEL=cloudimg-rootfs ro console=tty1 console=ttyS0
[    0.000000] KERNEL supported cpus:
[    0.000000]   Intel GenuineIntel
[    0.000000]   AMD AuthenticAMD
[    0.000000]   Centaur CentaurHauls
[    0.000000] x86/fpu: xstate_offset[2]:  576, xstate_sizes[2]:  256
[    0.000000] x86/fpu: Supporting XSAVE feature 0x01: 'x87 floating poin registers'
[    0.000000] x86/fpu: Supporting XSAVE feature 0x02: 'SSE registers'
[    0.000000] x86/fpu: Supptig XSAVE featrex0 'AVXresters'
[   0.000000] x86/fpu: Enabled xstate features 0x7 context size is 832 bytes, using 'standard' format.
[    0.000000] e820: BIOS-provided physical RAM map:
[    0.000000] BIOS-e20: [mem 0x0000000000000000-0x000000000009fbff] usable
[    0.000000] BIOS-e820:mem 0x000000000009fc00-0x000000000009ffff] reserved
[    0.000000] BIOS-e820: [mem 0x00000000000f0000-0x00000000000ffff] rseed
[    0.000000] BIOS-e820: me 0x0000000000100000-0x000000003ffeffff] usable
[    0.000000] BIOS-e820: [mem 0x000000003fff0000-0x000000003fffffff] ACPI data
[    0.000000] BIOS-e820: [mem 0x00000000fec00000-0x00000000fec00fff] reserved
[    0.000000] BIOS-e820: [mem 0x00000000fee00000-0x00000000fee00fff] reserve
[    0.000000] BIOS-e820: [mem 0x00000000fffc0000-0x00000000ffffffff] reserved
[    0.000000] NX (Execute Disable) protection: active
[    0.000000] SMBIOS 2.5 present.
[    0.000000] Hypervisor detected: KVM
[    0.000000] e820: last_pfn = 0x3fff0 max_arch_pfn = 0x400000000
[    0.000000] MTRR: Disabled
[    0.000000] x86/PAT: MTRRs disabled, skipping PAT initialization too.
[    0.000000] CPU MTRRs all blank - virtualized system.
[    0.00000] x86/PAT: Configuration [0-7]: WB  WT  UC- UC  WB  WT  UC- UC  
[    0.000000] found SMP MP-table at [mem 0x0009fff0-0x0009ffff] mapped at [ffff88000009fff0]
[    0.000000] Scanning 1 areas for low memory corruption
[    0.000000] RAMDISK: [mem 0x362fa000-0x37174fff]
[    0.000000] ACPI: Early table checksum verification disabled
[    0.000000] ACPI: RSDP 0x00000000000E0000 000024 (v02 VBOX  )
[    0.000000] ACPI: XSDT 0x000000003FFF0030 00003C (v01 VBOX   VBOXXSDT 00000001 ASL  00000061)
[    0.000000] ACPI: FACP 0x000000003FFF00F0 0000F4 (v04 VBOX   VBOXFACP 00000001 ASL  00000061)
[    0.000000] ACPI: DSDT 0x000000003FFF0470 0021FF (v02 VBOX   VBOXBIOS 00000002 INTL 20180105)
[    0.000000] ACPI: FACS 0x000000003FFF0200 000040
[    0.000000] ACPI: FACS 0x000000003FFF0200 000040
[    0.000000] ACPI: APIC 0x000000003FFF0240 00005C (v02 VBOX   VBOXAPIC 00000001 ASL  00000061)
[    0.000000] ACPI: SSDT 0x000000003FFF02A0 0001CC (v01 VBOX   VBOXCPUT 00000002 INTL 20180105)
[    0.000000] No NUMA configuration found
[    0.000000] Faking a node a [m x0000000000000-0000003ffeffff]
[    0.000000] NODE_DATA(0) allocated [mem 0x3ffeb000-0x3ffeffff]
[    0.000000] kvm-clock: Using msrs 4b564d01 and 4b564d00
[    0.000000] kvm-clock: cpu 0, msr 0:3ffe3001, primary cpu clock
[    0.000000] kvm-clock: using sched offset of 3428305446 cycles
[    0.000000] clocksource: kvm-clock: mask: 0xffffffffffffffff max_cycles: 0x1cd42e4dffb, max_idle_ns: 881590591483 ns
[    0.000000] Zone ranges:
[    0.000000]   DMA      [mem 0x0000000000001000-0x0000000000ffffff]
[    0.000000]   DM32    [mem 0x0000000001000000-0x000000003ffeffff]
[    0.000000]   Normal   empty
[    0.000000]   Device   empty
[    0.000000] Movable zone start for each node
[    0.000000] Early memory node ranges
[    0.000000]   node   0: [mem 0x0000000000001000-0x000000000009efff]
[    0.000000]   node   0: [mem 0x0000000000100000-0x000000003ffeffff]
[    0.000000] Initmem setup node 0 [mem 0x0000000000001000-0x000000003ffeffff]
[    0.000000] ACPI: PM-Timer IO Port: 0x4008
[    0.000000] IOAPIC[0]: apic_id 2, version 32, address 0xfec00000, GSI 0-23
[    0.000000] ACPI: INT_SRC_OVR (bus 0 bus_irq 0 global_irq 2 dfl dfl)
[    0.000000] ACPI: INT_SRC_OVR (bus 0 bus_irq 9 global_irq 9 low level)
[    0.000000] Using ACPI (MADT) for SMP configuration information
[    0.000000] smpboot: Allowing 2 CPUs, 0 hotplug CPUs
[    0.000000] PM: Registered nosave memory: [mem 0x00000000-0x00000fff]
[    0.000000] PM: Registered nosave memory: [mem 0x0009f000-0x0009ffff]
[    0.000000] PM: Registered nosave memory: [mem 0x000a0000-0x000effff]
[    0.00000] P Risered navmemory: [m 00f000-000ff]
[   0000] e82: [mem 0x40000000-0xfebfffff] available for PCI devices
[    0.000000] Booting paravirtualized kernel on KVM
[    0.000000] clocksource: refined-jiffies: mask: 0xffffffff max_cycles: 0xffffffff, max_idle_ns: 7645519600211568 ns
[    0.000000] setup_percpu: NR_CPUS:512 nr_cpumask_bits:512 nr_cu_s:2 nr_nod_ids:1
[   0000000] PERCPU: Embedded 34 pages/cpu @ffff88003fc00000 s99480 r8192 d31592 u1048576
[    0.000000] Built 1 zonelists in Node order, mobility grouping on.  Total pages: 257912
[    0.000000] Policy zone: DMA32
[    0.000000] Kernel command line: BOOT_IMAGE=/boot/vmlinuz-4.4.0-146-generiroot=LABEL=cloudimg-rootfs ro console=tty1 console=ttyS0
[    0.000000] PID hash table entries: 4096 (order: 3, 32768 bytes)
[    0.000000] Memory: 997732K/1048120K available (8609K kernel code, 1334K rwdata, 4028K rodata, 1484K init, 1284K bss, 50388K reserved, 0K cma-reserved)
[    0.000000] SLUB: HWalign=64, Order=-3MinObjects=0, CPUs=2, Nodes=1
[    0.000000] Kernel/User page tables isolation: enabled
[    0.000000] Hierarchical RCU implementation.
[    0.000000] 	Build-time adjustment of leaf fanout to 64.
[    0.000000] 	RCU restricting CPUs from NR_CPUS=512 to nr_cpu_ids=2.
[    0.000000] RCU: Adjusting geometry for rcu_fanout_leaf=64, nr_cpu_ids=2
[    0.000000] NR_IRQS:33024 nr_irqs:440 16
[    0.000000] Console: colour VGA+ 80x25
[    0.000000] console [tty1] enabled
[    0.000000] console [ttyS0] enabled
[    0.000000] tsc: Detected 3691.450 MHz processor
[    0.996006] Calibrating delay loop (skipped) preset value.. 7382.90 BogoMIPS (lpj=14765800)
[    0.997192] pid_max: default: 32768 minimum: 301
[    0.997821] ACPI: Core revision 20150930
[    0.999076] ACPI: 2 ACPI AML tables successfully acquired and loaded
[    1.000004] Security ramework initialized
[    1.020501] Yama: becoming mindful.
[    1.023680] AppArmor: AppArmor initialized
[    1.024318] Dentry cache hash table entries: 131072 (order: 8, 1048576 bytes)
[    1.025679] Inode-cache hash table entries: 65536 (order: 7, 524288 bytes)
[    1.026740] Mount-cache hash table entries: 2048 (order: 2, 16384 bytes)
[    1.027735] Mountpoint-cache hash table entries: 2048 (order: 2, 16384 bytes)
[    1.028867] Initializing cgroup subsys io
[    1.029527] Initializing cgroup subsys memory
[    1.030231] Initializing cgroup subsys devices
[    1.030952] Initializing cgroup subsys freezer
[    1.035637] Initializing cgroup subsys net_cls
[    1.039687] Initializing cgroup subsys perf_event
[    1.040427] Initializing cgroup subsys net_prio
[    1.041155] Initializing cgroup subsys hugetlb
[    1.041875] Initializing cgroup subsys pids
[    1.043345] mce: CPU supports 0 MCE banks
[    1.044059] Last level iTLB entries: 4KB 1024, 2MB 1024, 4MB 1024
[    1.044980] Last level dTLB entries: 4KB 1024, 2MB 1024, 4MB 1024, 1GB 4
[    1.045962] Spectre V2 : Mitigation: Full generic retpoline
[    1.075837] Spectre V2 : Spectre v2 / SpectreRSB mitigation: Filling RSB on context switch
[    1.076951] Speculative Store Bypass: Vulnerable
[    1.079408] Freeing SMP alternatives memory: 36K
[    1.083760] ftrace: allocating 32287 entries in 127 pages
[    1.135374] smpboot: APIC(0) Converting physical 0 to logical package 0
[    1.141671] smpboot: Max logical packages: 1
[    1.142581] x2apic enabled
[    1.143271] Switched APIC routing to physical x2apic.
[    1.144961] ..TIMER: vector=0x30 apic1=0 pin1=2 apic2=-1 pin2=-1
[    1.251423] smpboot: CPU0: Intel(R) Core(TM) i3-4170 CPU @ 3.70GHz (family: 0x6, model: 0x3c, stepping: 0x3)
[    1.258350] Performance Events: unsupported p6 CPU model 60 no PMU driver, software events only.
[    1.267489] KVM setup paravirtual spinlock
[    1.284404] x86: Booting SMP configuration:
[    1.308119] .... node  #0, CPUs:      #1
[    1.308871] kvm-clock: cpu 1, msr 0:3ffe3041, secondary cpu clock
[    1.310167] mce: CPU supports 0 MCE banks
[    1.322081] x86: Booted up 1 node, 2 CPUs
[    1.322815] smpboot: Total of 2 processors activated (14765.80 BogoMIPS)
[    1.323942] devtmpfs: initialized
[    1.325495] evm: security.selinux
[    1.326012] evm: security.SMACK64
[    1.326565] evm: security.SMACK64EXEC
[    1.327190] evm: security.SMACK64TRANSMUTE
[    1.327883] evm: security.SMACK64MMAP
[    1.336745] evm: security.ima
[    1.337236] evm: security.capability
[    1.337910] clocksource: jiffies: mask: 0xffffffff max_cycles: 0xffffffff, max_idle_ns: 7645041785100000 ns
[    1.339174] futex hash table entries: 512 (order: 3, 32768 bytes)
[    1.340045] pinctrl core: initialized pinctrl subsystem
[    1.340821] RTC time: 17:08:20, date: 05/12/19
[    1.341569] NET: Registered protocol family 16
[    1.351553] cpuidle: using governor ladder
[    1.379862] cpuidle: using governor menu
[    1.394900] PCCT header not found.
[    1.395553] ACPI: bus type PCI registered
[    1.396228] acpiphp: ACPI Hot Plug PCI Controller Driver version: 0.5
[    1.397264] PCI: Using configuration type 1 for base access
[    1.407950] ACPI: Added _OSI(Module Device)
[    1.408971] ACPI: Added _OSI(Processor Device)
[    1.410022] ACPI: Added _OSI(3.0 _SCP Extensions)
[    1.430385] ACPI: Added _OSI(Processor Aggregator Device)
[    1.431627] ACPI: Executed 1 blocks of module-level executable AML code
[    1.434021] ACPI: Interpreter enabled
[    1.435794] ACPI: (supports S0 S5)
[    1.436302] ACPI: Using IOAPIC for interrupt routing
[    1.437090] PCI: Using host bridge windows from ACPI; if necessary, use "pci=nocrs" and report a bug
[    1.440923] ACPI: PCI Root Bridge [PCI0] (domain 0000 [bus 00-ff])
[    1.442758] acpi PNP0A03:00: _OSC: OS supports [ASPM ClockPM Segments MSI]
[    1.443657] acpi PNP0A03:00: _OSC: not requesting OS control; OS requires [ExtendedConfig ASPM ClockPM MSI]
[    1.444930] acpi PNP0A03:00: fail to add MMCONFIG information, can't access extended PCI configuration space under this bridge.
[    1.446554] PCI host bridge to bus 0000:00
[    1.447127] pci_bus 0000:00: root bus resource [io  0x0000-0x0cf7 window]
[    1.447978] pci_bus 0000:00: root bus resource [io  0x0d00-0xffff window]
[    1.448806] pci_bus 0000:00: root bus resource [mem 0x000a0000-0x000bffff window]
[    1.449883] pci_bus 0000:00: root bus resource [mem 0x40000000-0xfdffffff window]
[    1.450969] pci_bus 0000:00: root bus resource [bus 00-ff]
[    1.452839] pci 0000:00:01.1: legacy IDE quirk: reg 0x10: [io  0x01f0-0x01f7]
[    1.453729] pci 0000:00:01.1: legacy IDE quirk: reg 0x14: [io  0x03f6]
[    1.454556] pci 0000:00:01.1: legacy IDE quirk: reg 0x18: [io  0x0170-0x0177]
[    1.455522] pci 0000:00:01.1: legacy IDE quirk: reg 0x1c: [io  0x0376]
[    1.474729] pci 0000:00:07.0: quirk: [io  0x4000-0x403f] claimed by PIIX4 ACPI
[    1.486895] pci 0000:00:07.0: quirk: [io  0x4100-0x410f] claimed by PIIX4 SMB
[    1.501090] ACPI: PCI Interrupt Link [LNKA] (IRQs 5 9 10 *11)
[    1.517685] ACPI: PCI Interrupt Link [LNKB] (IRQs 5 9 *10 11)
[    1.532446] ACPI: PCI Interrupt Link [LNKC] (IRQs 5 *9 10 11)
[    1.533495] ACPI: PCI Interrupt Link [LNKD] (IRQs 5 9 10 *11)
[    1.534614] ACPI: Enabled 2 GPEs in block 00 to 07
[    1.535587] vgaarb: setting as boot device: PCI:0000:00:02.0
[    1.536432] vgaarb: device added: PCI:0000:00:02.0,decodes=io+mem,owns=io+mem,locks=none
[    1.537717] vgaarb: loaded
[    1.538225] vgaarb: bridge control possible 0000:00:02.0
[    1.539238] SCSI subsystem initialized
[    1.539977] ACPI: bus type USB registered
[    1.540660] usbcore: registered new interface driver usbfs
[    1.541502] usbcore: registered new interface driver hub
[    1.543426] usbcore: registered new device driver usb
[    1.544430] PCI: Using ACPI for IRQ routing
[    1.545319] NetLabel: Initializing
[    1.545911] NetLabel:  domain hash size = 128
[    1.546616] NetLabel:  protocols = UNLABELED CIPSOv4
[    1.547730] NetLabel:  unlabeled traffic allowed by default
[    1.550694] amd_nb: Cannot enumerate AMD northbridges
[    1.551553] clocksource: Switched to clocksource kvm-clock
[    1.561712] AppArmor: AppArmor Filesystem Enabled
[    1.564602] pnp: PnP ACPI init
[    1.565632] pnp: PnP ACPI: found 3 devices
[  1739]clksrc ai_: ask: 0xffffff max_cycles: 0xffffff, max_idle_ns: 2085701024 ns
[    1.930668] NET: Registered protocol family 2

[    1.931408] TCP established hash table entries: 8192 (order: 4, 65536 bytes)
[    1.932444] TCP bind hash table entries: 8192 (order: 5, 131072 bytes)
[    1.933397] TCP: Hash tables configured (established 8192 bind 8192)
[    1.934334] UDP hash table entries: 512 (order: 2, 16384 bytes)
[    1.935210] UDP-Lite hash table entries: 512 (order: 2, 16384 bytes)
[    1.936185] NET: Registered protocol family 1
[    1.936903] pci 0000:00:00.0: Limiting direct PCI/PCI transfers
[    1.937800] pci 0000:00:01.0: Activating ISA DMA hang workarounds
[    1.938789] Unpacking initramfs...
[    2.108921] Freeing initrd memoyy: 14828K
[    2.144022] RAPL PMU detected, API unit is 2^-32 Joules, 4 fixed counters 10737418240 ms ovfl timer
[    2.145410] hw unit of domain pp0-core 2^-0 Joules
[    2.146160] hw unit of domain package 2^-0 Joules
[    2.146897] hw unit of domain dram 2^-0 Joules
[    2.147622] hw unit of domain pp1-gpu 2^-0 Joules
[    2.148433] platform rtc_cmos: registered platform RTC device (no PNP device found)
[    2.149693] Scanning for low memory corruption every 60 seconds
[    2.150886] audit: initializing netlink subsys (disabled)
[    2.151746] audit: type=2000 audit(1557680905.165:1): initialized
[    2.152800] Initialise system trusted keyring
[    2.153538] HugeTLB registered 2 MB page size, pre-allocated 0 pages
[    2.155292] zbud: loaded
[    2.156014] VFS: Disk quotas dquot_6.6.0
[    2.156609] VFS: Dquot-cache hash table entries: 512 (order 0, 4096 bytes)
[    2.162382] squashfs: version 4.0 (2009/01/31) Phillip Lougher
[    2.163354] fuse init (API version 7.23)
[    2.164057] Key type big_key registered
[    2.164715] Allocating IMA MOK and blacklist keyrings.
[    2.166306] Key type asymmetric registered
[    2.166899] Asymmetric key parser 'x509' registered
[    2.167635] Block layer SCSI generic (bsg) driver version 0.4 loaded (major 249)
[    2.168951] io scheduler noop registered
[    2.169616] io scheduler deadlinerregistered (default)
[    2.190076] io scheduler cfq registered
[    2.190819] pci_hotplug: PCI Hot Plug PCI Core version: 0.5
[    2.191698] pciehp: PCI Express Hot Plug Controller Driver version: 0.4
[    2.192822] ACPI: AC Adapter [AC] (on-line)
[    2.193571] input: Power Button as /devices/LNXSYSTM:00/LNXPWRBN:00/input/input0
[    2.194807] ACPI: Power Button [PWRF]
[    2.195489] input: Sleep Button as /devices/LNXSYSTM:00/LNXSLPBN:00/input/input1
[    2.196741] ACPI: Sleep Button [SLPF]
[    2.197526] GHES: HEST is not enabled!
[    2.201356] Serial: 8250/16550 driver, 32 ports, IRQ sharing enabled
[    2.223756] 00:02: ttyS0 at I/O 0x3f8 (irq = 4, base_baud = 115200) is a 16550A
[    2.225768] Linux agpgart interface v0.103
[    2.227539] loop: module loaded
[    2.228574] scsi host0: ata_piix
[    2.229287] scsi host1: ata_piix
[    2.229893] ata1: PATA max UDMA/33 cmd 0x1f0 ctl 0x3f6 mmmm  xx0000 irq 14
[    2.334499] ata2: PATA max UDMA/33 cmd 0x170 ctl 0x376 bmdma 0xd008 irq 15
[    2.335686] libphy: Fixed MDIO Bus: probed
[    2.336407] tun: Universal TUN/TAP device driver, 1.6
[    2.337216] tun: (C) 1999-2004 Max Krasnyansky <maxk@qualcomm.com>
[    2.338202] PPP generic driver version 2.4.2
[    2.338955] ehci_hcd: USB 2.0 'Enhanced' Host Controller (EHCI) Driver
[    2.344539] ehci-pci: EHCI PCI platform driver
[    2.345201] ehci-platform: EHCI generic platform driver
[    2.345902] ohci_hcd: USB 1.1 'Open' Host Controller (OHCI) Driver
[    2.346687] ohci-pci: OHCI PCI platform driver
[    2.347316] ohci-platform: OHCI generic platform driver
[    2.348031] uhci_hcd: USB Universal Host Controller Interface driver
[    2.348874] i8042: PNP: PS/2 Controller [PNP0303:PS2K,PNP0f03:PS2M] at 0x60,0x64 irq 1,12
[    2.350382] serio: i8042 KBD port at 0x60,0x64 irq 1
[    2.351061] serio: i8042 AUX port at 0x60,0x64 irq 12
[    2.351831] mousedev: PS/2 mouse device common for all mice
[    2.352922] input: AT Translated Set 2 keyboard as /devices/platform/i8042/serio0/input/input2
[    2.354155] rtc_cmos rtc_cmos: rtc core: registered rtc_cmos as rtc0
[    2.355077] rtc_cmos rtc_cmos: alarms up to one day, 114 bytes nvram
[    2.355929] i2c /dev entries driver
[    2.356522] device-mapper: uevent: version 1.0.3
[    2.357198] device-mapper: ioctl: 4.34.0-ioctl (2015-10-28) initialised: dm-devel@redhat.com
[    2.358360] ledtrig-cpu: registered to indicate activity on CPUs
[    2.359395] NET: Registered protocol family 10
[    2.360212] NET: Registered protocol family 17
[    2.360834] Key type dns_resolver registered
[    2.361616] registered taskstats version 1
[    2.362217] Loading compiled-in X.509 certificates
[    2.363365] Loaded X.509 cert 'Build time autogenerated kernel key: 4dcb2dc2c7cf43e0c20c44384f68683c20294489'
[    2.364731] zswap: loaded using pool lzo/zbud
[    2.366771] Key type trusted registered
[    2.369797] Key type encrypted registered
[    2.370413] AppArmor: AppArmor sha1 policy hashing enabled
[    2.371131] ima: No TPM chip found, activating TPM-bypass!
[    2.374538] ima: Allocated hash algorithm: sha1
[    2.375197] evm: HMAC attrs: 0x1
[    2.375977]   Magic number: 3:762:137
[    2.376605] rtc_cmos rtc_cmos: setting system clock to 2019-05-12 17:08:21 UTC (1557680901)
[    2.377861] BIOS EDD facility v0.16 2004-Jun-25, 0 devices found
[    2.378648] EDD information not available.
[    2.495464] Freeing unused kernel memory: 1484K
[    2.614503] Write protecting the kernel read-only data: 14336k
[    2.615592] Freeing unused kernel memory: 1620K
[    2.616381] Freeing unused kernel memory: 68K
Loading, please wait...
starting version[    2.629506] random: systemd-udevd: uninitialized urandom read (16 bytes read, 2 bits of entropy available)
 229
[    2.630209] random: udevadm: uninitialized urandom read (16 bytes read, 2 bits of entropy available)
[    2.630232] random: udevadm: uninitialized urandom read (16 bytes read, 2 bits of entropy available)
[    2.638825] random: udevadm: uninitialized urandom read (16 bytes read, 2 bits of entropy available)
[    2.638868] random: udevadm: uninitialized urandom read (16 bytes read, 2 bits of entropy available)
[    2.639000] random: udevadm: uninitialized urandom read (16 bytes read, 2 bits of entropy available)
[    2.639050] random: udevadm: uninitialized urandom read (16 bytes read, 2 bits of entropy available)
[    2.639100] random: udevadm: uninitialized urandom read (16 bytes read, 2 bits of entropy available)
[    2.639149] random: udevadm: uninitialized urandom read (16 bytes read, 2 bits of entropy available)
[    2.639195] random: udevadm: uninitialized urandom read (16 bytes read, 2 bits of entropy available)
[    2.867191] e1000: Intel(R) PRO/1000 Network Driver - version 7.3.21-k8-NAPI
[    2.896103] e1000: Copyright (c) 1999-2006 Intel Corporation.
[    2.899694] Fusion MPT base driver 3.04.20
[    2.904534] Copyright (c) 1999-2008 LSI Corporation
[    2.921787] AVX2 version of gcm_enc/dec engaged.
[    2.924399] AES CTR mode by8 optimization enabled
[    2.936520] Fusion MPT SPI Host driver 3.04.20
[    3.112736] input: ImExPS/2 Generic Explorer Mouse as /devices/platform/i8042/serio1/input/input4
[    3.154103] tsc: Refined TSC clocksource calibration: 3693.593 MHz
[    3.224771] clocksource: tsc: mask: 0xffffffffffffffff max_cycles: 0x6a7b63c4ad8, max_idle_ns: 881590907200 ns
[    3.589438] e1000 0000:00:03.0 eth0: (PCI:33MHz:32-bit) 02:3a:f4:24:e2:72
[    4.105798] e1000 0000:00:03.0 eth0: Intel(R) PRO/1000 Network Connection
[    4.113904] mptbase: ioc0: Initiating bringup
[    4.114083] e1000 0000:00:03.0 enp0s3: renamed from eth0
[    4.184730] ioc0: LSI53C1030 A0: Capabilities={Initiator}
[    4.728492] scsi host2: ioc0: LSI53C1030 A0, FwRev=00000000h, Ports=1, MaxQ=256, IRQ=20
[    4.875375] scsi 2:0:0:0: Direct-Access     VBOX     HARDDISK         1.0  PQ: 0 ANSI: 5
[    4.925061] scsi target2:0:0: Beginning Domain Validation
[    4.926580] scsi target2:0:0: Domain Validation skipping write tests
[    4.927393] scsi target2:0:0: Ending Domain Validation
[    4.928144] scsi target2:0:0: asynchronous
[    4.929047] scsi 2:0:1:0: Direct-Access     VBOX     HARDDISK         1.0  PQ: 0 ANSI: 5
[    4.930155] scsi target2:0:1: Beginning Domain Validation
[    4.939043] scsi target2:0:1: Domain Validation skipping write tests
[    4.939846] scsi target2:0:1: Ending Domain Validation
[    4.940572] scsi target2:0:1: asynchronous
[    4.944985] sd 2:0:0:0: Attached scsi generic sg0 type 0
[    4.945208] sd 2:0:0:0: [sda] 20971520 512-byte logical blocks: (10.7 GB/10.0 GiB)
[    4.945318] sd 2:0:0:0: [sda] Write Protect is off
[    4.945379] sd 2:0:0:0: [sda] Incomplete mode parameter data
[    4.945380] sd 2:0:0:0: [sda] Assuming drive cache: write through
[    4.965750]  sda: sda1
[    4.966252] sd 2:0:0:0: [sda] Attached SCSI disk
[    4.967766] sd 2:0:1:0: [sdb] 20480 512-byte logical blocks: (10.5 MB/10.0 MiB)
[    4.974829] sd 2:0:1:0: Attached scsi generic sg1 type 0
[    4.975858] sd 2:0:1:0: [sdb] Write Protect is off
[    4.976748] sd 2:0:1:0: [sdb] Incomplete mode parameter data
[    4.977606] sd 2:0:1:0: [sdb] Assuming drive cache: write through
[    4.980412] sd 2:0:1:0: [sdb] Attached SCSI disk
Begin: Loading e[    6.294252] md: linear personality registered for level -1
ssential drivers ... [    6.299376] md: multipath personality registered for level -4
[    6.301998] md: raid0 personality registered for level 0
[    6.322636] md: raid1 personality registered for level 1
[    6.391592] raid6: sse2x1   gen() 11477 MB/s
[    6.463583] raid6: sse2x1   xor()  9018 MB/s
[    6.539578] raid6: sse2x2   gen() 14510 MB/s
[    6.643576] raid6: sse2x2   xor()  9737 MB/s
[    6.795576] raid6: sse2x4   gen() 16731 MB/s
[    6.939578] raid6: sse2x4   xor() 11621 MB/s
[    7.115582] raid6: avx2x1   gen() 22198 MB/s
[    7.215587] raid6: avx2x2   gen() 25946 MB/s
[    7.291593] raid6: avx2x4   gen() 28602 MB/s
[    7.313382] raid6: using algorithm avx2x4 gen() 28602 MB/s
[    7.451836] raid6: using avx2x2 recovery algorithm
[    7.533758] xor: automatically using best checksumming function:
[    7.584059]    avx       : 63789.000 MB/sec
[    7.595727] async_tx: api initialized (async)
[    7.604745] md: raid6 personality registered for level 6
[    7.605635] md: raid5 personality registered for level 5
[    7.611704] md: raid4 personality registered for level 4
[    7.633310] md: raid10 personality registered for level 10
done.
Begin: Running /scripts/init-premount ... done.
Begin: Mounting root file system ... Begin: Running /scripts/local-top ... done.
Begin: Running /scripts/local-premount ... [    7.661497] Btrfs loaded
Scanning for Btrfs filesystems
done.
Warning: fsck not present, so skipping root file system
[    7.733621] EXT4-fs (sda1): mounted filesystem with ordered data mode. Opts: (null)
done.
Begin: Running /scripts/local-bottom ... done.
Begin: Running /scripts/init-bottom ... done.
[    8.481367] systemd[1]: systemd 229 running in system mode. (+PAM +AUDIT +SELINUX +IMA +APPARMOR +SMACK +SYSVINIT +UTMP +LIBCRYPTSETUP +GCRYPT +GNUTLS +ACL +XZ -LZ4 +SECCOMP +BLKID +ELFUTILS +KMOD -IDN)
[    8.595977] systemd[1]: Detected virtualization oracle.
[    8.596706] systemd[1]: Detected architecture x86-64.

Welcome to [1mUbuntu 16.04.6 LTS[0m!

[    8.633675] systemd[1]: Set hostname to <ubuntu>.
[    8.65265]]ssystemd[1]: Initializing machine ID from random generator.
[    8.725001] systemd[1]: Installed transient /etc/machine-id file.
[    8.952435] random: nonblocking pool is initialized
[    9.637670] systemd[1]: Listening on Device-mapper event daemon FIFOs.
[[0;32m  OK  [0m] Listening on Device-mapper event daemon FIFOs.
[    9.639457] systemd[1]: Listening on Syslog Socket.
[[0;32m  OK  [0m] Listening on Syslog Socket.
[    9.645333] systemd[1]: Listening on Journal Audit Socket.
[[0;32m  OK  [0m] Listening on Journal Audit Socket.
[    9.646842] systemd[1]: Reached target Swap.
[[0;32m  OK  [0m] Reached target Swap.
[    9.648121] systemd[1]: Reached target Encrypted Volumes.
[[0;32m  OK  [0m] Reached target Encrypted Volumes.
[    9.657945] systemd[1]: Listening on udev Control Socket.
[[0;32m  OK  [0m] Listening on udev Control Socket.
[    9.659495] systemd[1]: Listening on Journal Socket (/dev/log).
[[0;32m  OK  [0m] Listening on Journal Socket (/dev/log).
[    9.661337] systemd[1]: Reached target User and Group Name Lookups.
[[0;32m  OK  [0m] Reached target User and Group Name Lookups.
[    9.663001] systemd[1]: Listening on LVM2 poll daemon socket.
[[0;32m  OK  [0m] Listening on LVM2 poll daemon socket.
[    9.664921] systemd[1]: Created slice System Slice.
[[0;32m  OK  [0m] Created slice System Slice.
[    9.666413] systemd[1]: Created slice system-serial\x2dgetty.slice.
[[0;32m  OK  [0m] Created slice system-serial\x2dgetty.slice.
[    9.668385] systemd[1]: Listening on Journal Socket.
[[0;32m  OK  [0m] Listening on Journal Socket.
[    9.683696] systemd[1]: Starting Nameserver information manager...
         Starting Nameserver information manager...
[    9.686591] systemd[1]: Starting Set console keymap...
         Starting Set console keymap...
[    9.690173] systemd[1]: Starting Uncomplicated firewall...
         Starting Uncomplicated firewall...
[    9.768008] systemd[1]: Starting Load Kernel Modules...
         Starting Load Kernel Modules...
[    9.784434] systemd[1]: Mounting POSIX Message Queue File System...
         Mounting POSIX Message Queue File System...
[    9.805728] systemd[1]: Mounting Huge Pages File System...
         Mounting Huge Pages File System...
[    9.808582] systemd[1]: Set up automount Arbitrary Executable File Formats File System Automount Point.
[[0;32m  OK  [0m] Set up automount Arbitrary Executab...ats File System Automount Point.
[    9.826355] systemd[1]: Started Trigger resolvconf update for networkd DNS.
[[0;32m  OK  [0m] Started Trigger resolvconf update for networkd DNS.
[    9.829034] systemd[1]: Starting Remount Root and Kernel File Systems...
         Starting Remount Root and Kernel File Systems...
[    9.859861] systemd[1]: Reached target System Time Synchronized.
[[0;32m  OK  [0m] Reached target System Time Synchronized.
[    9.896919] EXT4-fs (sda1): re-mounted. Opts: (null)
[    9.907724] systemd[1]: Mounting Debug File System...
         Mounting Debug File System...
[    9.911114] systemd[1]: Starting Journal Service...
[    9.914207] Loading iSCSI transport class v2.0-870.
         Starting Journal Service...
[    9.919366] systemd[1]: Created slice User and Session Slice.
[[0;32m  OK  [0m] Created slice User and Session Slice.
[    9.921601] systemd[1]: Listening on /dev/initctl Compatibility Named Pipe.
[[0;32m  OK  [0m] Listening on /dev/initctl Compatibility Named Pipe.
[    9.924102] systemd[1]: Reached target Slices.
[[0;32m  OK  [0m] Reached target Slices.
[    9.929006] systemd[1]: Listening on udev Kernel Socket.
[[0;32m  OK  [0m] Listening on udev Kernel Socket.
[    9.930696] systemd[1]: Listening on LVM2 metadata daemon socket.
[[0;32m  OK  [0m] Listening on LVM2 metadata daemon socket.
[    9.943980] systemd[1]: Starting Monitoring of LVM2 mirrors, snapshots etc. using dmeventd or progress polling...
         Starting Monitoring of LVM2 mirrors... dmeventd or progress polling...
[    9.989716] iscsi: registered transport (ccp)
[   10.131785] systemd[1]: Starting Create list of required static device nodes for the current kernel...
         Starting Create list of required st... nodes for the current kernel...
[   10.308241] systemd[1]: Started Forward Password Requests to Wall Directory Watch.
[[0;32m  OK  [0m] Started Forward Password Requests to Wall Directory Watch.
[   10.311526] systemd[1]: Mounted POSIX Message Queue File System.
[[0;32m  OK  [0m] Mounted POSIX Message Queue File System.
[   10.313269] systemd[1]: Mounted Debug File System.
[[0;32m  OK  [0m] Mounted Debug File System.
[   10.314781] systemd[1]: Mounted Huge Pages File System.
[[0;32m  OK  [0m] Mounted Huge Pages File System.
[   10.317856] systemd[1]: Started Set console keymap.
[[0;32m  OK  [0m] Started Set console keymap.
[   10.320426] systemd[1]: Started Uncomplicated firewall.
[[0;32m  OK  [0m] Started Uncomplicated firewall.
[   10.322536] systemd[1]: Started Remount Root and Kernel File Systems.
[[0;32m  OK  [0m] Started Remount Root and Kernel File Systems.
[   10.367758] systemd[1]: Started Nameserver information manager.
[[0;32m  OK  [0m] Started Nameserver information manager.
[   10.473456] systemd[1]: Started Create list of required static device nodes for the current kernel.
[[0;32m  OK  [0m] Started Create list of required sta...ce nodes for the current kernel.
[   10.503814] systemd[1]: Starting Create Static Device Nodes in /dev...
         Starting Create Static Device Nodes in /dev...
[   10.619921] systemd[1]: Starting udev Coldplug all Devices...
         Starting udev Coldplug all Devices...
[   10.638712] systemd[1]: Starting Load/Save Random Seed...
         Starting Load/Save Random Seed...
[   10.660231] systemd[1]: Started Journal Service.
[[0;32m  OK  [0m] Started Journal Service.
         Starting Flush Journal to Persistent Storage...
[[0;32m  OK  [0m] Started Load/Save Random Seed.
[   10.786132] iscsi: registered transport (iser)
[[0;32m  OK  [0m] Started Load Kernel Modules.
         Starting Apply Kernel Variables...
         Mounting FUSE Control File System...
[[0;32m  OK  [0m] Started udev Coldplug all Devices.
[[0;32m  OK  [0m] Mounted FUSE Control File System.
[   10.901717] systemd-journald[394]: Received request to flush runtime journal from PID 1
[[0;32m  OK  [0m] Started LVM2 metadata daemon.
[[0;32m  OK  [0m] Started Flush Journal to Persistent Storage.
[[0;32m  OK  [0m] Started Apply Kernel Variables.
[[0;32m  OK  [0m] Started Monitoring of LVM2 mirrors,...ng dmeventd or progress polling.
[[0;32m  OK  [0m] Started Create Static Device Nodes in /dev.
[[0;32m  OK  [0m] Reached target Local File Systems (Pre).
[[0;32m  OK  [0m] Reached target Local File Systems.
         Starting LSB: AppArmor initialization...
         Starting Tell Plymouth To Write Out Runtime Data...
         Starting Set console font and keymap...
         Starting Create Volatile Files and Directories...
         Starting Initial cloud-init job (pre-networking)...
         Starting Commit a transient machine-id on disk...
         Starting udev Kernel Device Manager...
[[0;32m  OK  [0m] Started Create Volatile Files and Directories.
         Starting Update UTMP about System Boot/Shutdown...
[[0;32m  OK  [0m] Started Tell Plymouth To Write Out Runtime Data.
[[0;32m  OK  [0m] Started Commit a transient machine-id on disk.
[[0;32m  OK  [0m] Started Update UTMP about System Boot/Shutdown.
[[0;32m  OK  [0m] Started Set console font and keymap.
[[0;32m  OK  [0m] Created slice system-getty.slice.
[[0;32m  OK  [0m] Started udev Kernel Device Manager.
[[0;32m  OK  [0m] Started Dispatch Password Requests to Console Directory Watch.
[[0;32m  OK  [0m] Found device /dev/ttyS0.
[[0;32m  OK  [0m] Listening on Load/Save RF Kill Switch Status /dev/rfkill Watch.
[[0;32m  OK  [0m] Started LSB: AppArmor initialization.
[   15.621920] cloud-init[472]: Cloud-init v. 18.5-45-g3554ffe8-0ubuntu1~16.04.1 running 'init-local' at Sun, 12 May 2019 17:08:35 +0000. Up 15.12 seconds.
[[0;32m  OK  [0m] Started Initial cloud-init job (pre-networking).
[[0;32m  OK  [0m] Reached target Network (Pre).
         Starting Raise network interfaces...
[[0;32m  OK  [0m] Started Raise network interfaces.
[[0;32m  OK  [0m] Reached target Network.
         Starting Initial cloud-init job (metadata service crawler)...
[   17.942694] cloud-init[944]: Cloud-init v. 18.5-45-g3554ffe8-0ubuntu1~16.04.1 running 'init' at Sun, 12 May 2019 17:08:36 +0000. Up 16.26 seconds.
[   17.954565] cloud-init[944]: ci-info: ++++++++++++++++++++++++++++++++++++++Net device info++++++++++++++++++++++++++++++++++++++
[   17.992535] cloud-init[944]: ci-info: +--------+------+----------------------------+---------------+--------+-------------------+
[   17.994385] cloud-init[944]: ci-info: | Device |  Up  |          Address           |      Mask     | Scope  |     Hw-Address    |
[   17.996127] cloud-init[944]: ci-info: +--------+------+----------------------------+---------------+--------+-------------------+
[   18.013550] cloud-init[944]: ci-info: | enp0s3 | True |         10.0.2.15          | 255.255.255.0 | global | 02:3a:f4:24:e2:72 |
[   18.013816] cloud-init[944]: ci-info: | enp0s3 | True | fe80::3a:f4ff:fe24:e272/64 |       .       |  link  | 02:3a:f4:24:e2:72 |
[[0;32m  OK  [0m] Started Initial cloud-init job (metadata service crawler).
[   18.013982] cloud-init[944]: ci-info: |   lo   | True |         127.0.0.1          |   255.0.0.0   |  host  |         .         |
[   18.048498] cloud-init[944]: ci-info: |   lo   | True |          ::1/128           |       .       |  host  |         .         |
[   18.048843] cloud-init[944]: ci-info: +--------+------+----------------------------+---------------+--------+-------------------+
[[0;32m  OK  [0m] Reached target System Initialization.
[   18.049153] cloud-init[944]: ci-info: +++++++++++++++++++++++++++Route IPv4 info++++++++++++++++++++++++++++
[   18.086953] cloud-init[944]: ci-info: +-------+-------------+----------+---------------+-----------+-------+
[   18.087181] cloud-init[944]: ci-info: | Route | Destination | Gateway  |    Genmask    | Interface | Flags |
[   18.087331] cloud-init[944]: ci-info: +-------+-------------+----------+---------------+-----------+-------+
[   18.087486] cloud-init[944]: ci-info: |   0   |   0.0.0.0   | 10.0.2.2 |    0.0.0.0    |   enp0s3  |   UG  |
[   18.087691] cloud-init[944]: ci-info: |   1   |   10.0.2.0  | 0.0.0.0  | 255.255.255.0 |   enp0s3  |   U   |
[   18.088073] cloud-init[944]: ci-info: +-------+-------------+----------+---------------+-----------+-------+
[   18.088187] cloud-init[944]: ci-info: +++++++++++++++++++Route IPv6 info+++++++++++++++++++
[   18.088338] cloud-init[944]: ci-info: +-------+-------------+---------+-----------+-------+
[   18.088500] cloud-init[944]: ci-info: | Route | Destination | Gateway | Interface | Flags |
[   18.088653] cloud-init[944]: ci-info: +-------+-------------+---------+-----------+-------+
[   18.088815] cloud-init[944]: ci-info: |   0   |  fe80::/64  |    ::   |   enp0s3  |   U   |
[   18.089131] cloud-init[944]: ci-info: |   3   |   ff00::/8  |    ::   |   enp0s3  |   U   |
[   18.089286] cloud-init[944]: ci-info: +-------+-------------+---------+-----------+-------+
[   18.089457] cloud-init[944]: Generating public/private rsa key pair.
[   18.089600] cloud-init[944]: Your identification has been saved in /etc/ssh/ssh_host_rsa_key.
[   18.089757] cloud-init[944]: Your public key has been saved in /etc/ssh/ssh_host_rsa_key.pub.
[   18.089913] cloud-init[944]: The key fingerprint is:
         Starting Socket activation for snappy daemon.
[   18.090109] cloud-init[944]: SHA256:Mypxz66J8TJIS8XhyJarfjozqspvAVviVptkcnTpRAc root@ubuntu-xenial
[   18.189030] cloud-init[944]: The key's randomart image is:
[[0;32m  OK  [0m] Started Daily Cleanup of Temporary Directories.
[[   18.189158] cloud-init[944]: +---[RSA 2048]----+
[   18.209696] cloud-init[944]: |    .Eo.         |
[0;32m  OK  [0m] Listening on D-Bus System Message Bus Socket.
[   18.209794] cloud-init[944]: |   ..+.          |
[   18.225738] cloud-init[944]: | ..=+.           |
[   18.225922] cloud-init[944]: | +=*+.           |
[   18.226039] cloud-init[944]: |..@o+ . S        |
[   18.226161] cloud-init[944]: | +++ o + o       |
[   18.226281] cloud-init[944]: |.+ o+ . o        |
[   18.226405] cloud-init[944]: |o+ooo= o         |
[   18.226540] cloud-init[944]: |O+O..o+..        |
[   18.226661] cloud-init[944]: +----[SHA256]-----+
[   18.226777] cloud-init[944]: Generating public/private dsa key pair.
[   18.226909] cloud-init[944]: Your identification has been saved in /etc/ssh/ssh_host_dsa_key.
[   18.227035] cloud-init[944]: Your public key has been saved in /etc/ssh/ssh_host_dsa_key.pub.
[   18.227156] cloud-init[944]: The key fingerprint is:
[   18.227281] cloud-init[944]: SHA256:JuV37I9jPRB/YLyJE2lgnSZOQTkaqaEbjoWakESd4OM root@ubuntu-xenial
[   18.227405] cloud-init[944]: The key's randomart image is:
[   18.227527] cloud-init[944]: +---[DSA 1024]----+
[   18.227652] cloud-init[944]: |.oo .    oo+ .   |
[   18.227797] cloud-init[944]: |.. o  . o B +    |
[   18.227924] cloud-init[944]: |.+ . . o.* = o   |
[   18.228079] cloud-init[944]: |+ o + .o. ..= +  |
[   18.228173] cloud-init[944]: |.E + o. S ..o* + |
[   18.228310] cloud-init[944]: |o . o  o . o+ + .|
[[0;32m  OK  [0m] Started Daily apt download activities.
[[   18.228538] cloud-init[944]: |            .+ . |
[   18.282378] cloud-init[944]: |            ooo  |
[0;32m  OK  [0m] Listening on UUID daemon activation socket.
[[   18.282663] cloud-init[944]: |           ..... |
[0;32m  OK  [0m] Started Daily apt upgrade and clean activities.
[   18.290519] cloud-init[944]: +----[SHA256]-----+
[   18.328614] cloud-init[944]: Generating public/private ecdsa key pair.
[   18.328891] cloud-init[944]: Your identification has been saved in /etc/ssh/ssh_host_ecdsa_key.
[   18.329248] cloud-init[944]: Your public key has been saved in /etc/ssh/ssh_host_ecdsa_key.pub.
[   18.329422] cloud-init[944]: The key fingerprint is:
[   18.329594] cloud-init[944]: SHA256:fXyp8ZIwrK1zHFJLZdNymSzgxqj+R7X/k5JYiThOqWA root@ubuntu-xenial
[   18.329776] cloud-init[944]: The key's randomart image is:
[   18.329948] cloud-init[944]: +---[ECDSA 256]---+
[   18.330114] cloud-init[944]: |          .. o o |
[   18.330342] cloud-init[944]: |         +  * *  |
[   18.330514] cloud-init[944]: |        . +o =   |
[   18.330697] cloud-init[944]: |       . +o..  . |
[[0;32m  OK  [0m] Reached target Timers.
[   18.330866] cloud-init[944]: |      . SoBo=.+  |
[   18.353049] cloud-init[944]: |     E  .B+=.O   |
[   18.353372] cloud-init[944]: |    . o =+o.*.o .|
[   18.353625] cloud-init[944]: |       o.o+. +.o |
[   18.353868] cloud-init[944]: |        o+    ..o|
[[0;32m  OK  [0m] Started ACPI Events Check.
[   18.354010] cloud-init[944]: +----[SHA256]-----+
[   18.359043] cloud-init[944]: Generating public/private ed25519 key pair.
[   18.359132] cloud-init[944]: Your identification has been saved in /etc/ssh/ssh_host_ed25519_key.
[   18.359421] cloud-init[944]: Your public key has been saved in /etc/ssh/ssh_host_ed25519_key.pub.
[   18.359557] cloud-init[944]: The key fingerprint is:
[   18.359688] cloud-init[944]: SHA256:IEtJng2pqETEJe6mpNJHEdZt/jHE2dV++yaLNjpbbDI root@ubuntu-xenial
[   18.359848] cloud-init[944]: The key's randomart image is:
[   18.359995] cloud-init[944]: +--[ED25519 256]--+
[   18.360267] cloud-init[944]: |oo..=o . . o ... |
[   18.360396] cloud-init[944]: |.o.+.*. o + .   .|
[   18.360529] cloud-init[944]: |.o .B oo .     . |
[   18.360665] cloud-init[944]: |o... + .. o     o|
[   18.360795] cloud-init[944]: |o+  o   S. o    o|
[   18.360931] cloud-init[944]: |*. .      ..   . |
[   18.361066] cloud-init[944]: |+ . .     E +   .|
[   18.361200] cloud-init[944]: |.  .      .=o.. o|
[   18.361609] cloud-init[944]: |          o=...+ |
[   18.361864] cloud-init[944]: +----[SHA256]-----+
[[0;32m  OK  [0m] Reached target Paths.
[[0;32m  OK  [0m] Listening on ACPID Listen Socket.
         Starting LXD - unix socket.
[[0;32m  OK  [0m] Reached target Cloud-config availability.
[[0;32m  OK  [0m] Reached target Network is Online.
         Starting iSCSI initiator daemon (iscsid)...
[[0;32m  OK  [0m] Listening on Socket activation for snappy daemon.
[[0;32m  OK  [0m] Listening on LXD - unix socket.
[[0;32m  OK  [0m] Reached target Sockets.
[[0;32m  OK  [0m] Reached target Basic System.
         Starting /etc/rc.local Compatibility...
         Starting Login Service...
[[0;32m  OK  [0m] Started FUSE filesystem for LXC.
         Starting Pollinate to seed the pseudo random number generator...
         Starting Virtualbox guest utils...
         Starting Accounts Service...
         Starting System Logging Service...
[[0;32m  OK  [0m] Started Unattended Upgrades Shutdown.
         Starting LXD - container startup/shutdown...
         Starting LSB: Record successful boot for GRUB...
[[0;32m  OK  [0m] Started Deferred execution scheduler.
[[0;32m  OK  [0m] Started ACPI event daemon.
[[0;32m  OK  [0m] Started D-Bus System Message Bus.
         Starting LSB: MD monitoring daemon...
[[0;32m  OK  [0m] Started Regular background program processing daemon.
         Starting Snappy daemon...
[[0;32m  OK  [0m] Started System Logging Service.
[[0;32m  OK  [0m] Started /etc/rc.local Compatibility.
[[0;32m  OK  [0m] Started Login Service.
[[0;32m  OK  [0m] Started LSB: Record successful boot for GRUB.
[[0;32m  OK  [0m] Started iSCSI initiator daemon (iscsid).
         Starting Login to default iSCSI targets...
[[0;32m  OK  [0m] Started LSB: MD monitoring daemon.
         Starting Authenticate and Authorize Users to Run Privileged Tasks...
[[0;32m  OK  [0m] Started Login to default iSCSI targets.
[[0;32m  OK  [0m] Reached target Remote File Systems (Pre).
[[0;32m  OK  [0m] Reached target Remote File Systems.
         Starting Permit User Sessions...
         Starting LSB: Set the CPU Frequency Scaling governor to "ondemand"...
         Starting LSB: automatic crash report generation...
         Starting LSB: daemon to balance interrupts for SMP systems...
[[0;32m  OK  [0m] Started LSB: Set the CPU Frequency Scaling governor to "ondemand".
[[0;32m  OK  [0m] Started Permit User Sessions.
         Starting Hold until boot process finishes up...
         Starting Terminate Plymouth Boot Screen...
[[0;32m  OK  [0m] Started Hold until boot process finishes up.
[[0;32m  OK  [0m] Started Terminate Plymouth Boot Screen.
[[0;32m  OK  [0m] Started Serial Getty on ttyS0.
         Starting Set console scheme...
[[0;32m  OK  [0m] Started Getty on tty1.
[[0;32m  OK  [0m] Reached target Login Prompts.
[[0;32m  OK  [0m] Started Set console scheme.
[[0;32m  OK  [0m] Started LSB: automatic crash report generation.
[[0;32m  OK  [0m] Started LSB: daemon to balance interrupts for SMP systems.
[[0;32m  OK  [0m] Started Virtualbox guest utils.
[[0;32m  OK  [0m] Started Authenticate and Authorize Users to Run Privileged Tasks.
[[0;32m  OK  [0m] Started Accounts Service.
[[0;32m  OK  [0m] Started LXD - container startup/shutdown.
[[0;32m  OK  [0m] Started Snappy daemon.
         Starting Wait until snapd is fully seeded...
[[0;32m  OK  [0m] Started Pollinate to seed the pseudo random number generator.
         Starting OpenBSD Secure Shell server...
[[0;32m  OK  [0m] Started OpenBSD Secure Shell server.
[[0;32m  OK  [0m] Created slice User Slice of vagrant.
         Starting User Manager for UID 1000...
[[0;32m  OK  [0m] Started Session 1 of user vagrant.
[[0;32m  OK  [0m] Started User Manager for UID 1000.
[   27.149467] cloud-init[1395]: Generating locales (this might take a while)...

Ubuntu 16.04.6 LTS ubuntu-xenial ttyS0

ubuntu-xenial login: [   28.007631] cloud-init[1395]:   en_US.UTF-8... done
[   28.008934] cloud-init[1395]: Generation complete.
[   29.564918] cloud-init[1395]: Cloud-init v. 18.5-45-g3554ffe8-0ubuntu1~16.04.1 running 'modules:config' at Sun, 12 May 2019 17:08:47 +0000. Up 26.96 seconds.
ci-info: no authorized ssh keys fingerprints found for user ubuntu.
<14>May 12 17:08:50 ec2: 
<14>May 12 17:08:50 ec2: #############################################################
<14>May 12 17:08:50 ec2: -----BEGIN SSH HOST KEY FINGERPRINTS-----
<14>May 12 17:08:50 ec2: 1024 SHA256:JuV37I9jPRB/YLyJE2lgnSZOQTkaqaEbjoWakESd4OM root@ubuntu-xenial (DSA)
<14>May 12 17:08:50 ec2: 256 SHA256:fXyp8ZIwrK1zHFJLZdNymSzgxqj+R7X/k5JYiThOqWA root@ubuntu-xenial (ECDSA)
<14>May 12 17:08:50 ec2: 256 SHA256:IEtJng2pqETEJe6mpNJHEdZt/jHE2dV++yaLNjpbbDI root@ubuntu-xenial (ED25519)
<14>May 12 17:08:50 ec2: 2048 SHA256:Mypxz66J8TJIS8XhyJarfjozqspvAVviVptkcnTpRAc root@ubuntu-xenial (RSA)
<14>May 12 17:08:50 ec2: -----END SSH HOST KEY FINGERPRINTS-----
<14>May 12 17:08:50 ec2: #############################################################
-----BEGIN SSH HOST KEY KEYS-----
ecdsa-sha2-nistp256 AAAAE2VjZHNhLXNoYTItbmlzdHAyNTYAAAAIbmlzdHAyNTYAAABBBFobkcIVAlYoy2rT2ImlBD1zp/Rh/Eue1olJYC0i8rRkaxe++veNxzt7Zr2hDeTlhKT+7jSVvnoRG8cmJtloLgs= root@ubuntu-xenial
ssh-ed25519 AAAAC3NzaC1lZDI1NTE5AAAAIOLPXvZ7oZsIRHW9CldCnKmNIewPsxPM8r4NWLRUI+ug root@ubuntu-xenial
ssh-rsa AAAAB3NzaC1yc2EAAAADAQABAAABAQDthJtTJFj/blus5D+OlX1uEveXmEBoMi2mOLrMNm3q/sBFfYFzg/FZiLhY9W8FVqJTzfvUkIK8NBnNRpih8vwSU+QNzATyUf1kRDmYYTWi0s56URMLwRyG190i74Ryys3LtJKa7CSBhsmScyaPiwW8KtmB6iNhFDgRz8vxUsvAphRTI7VVVxCYyYwYZqdZZkFEfftmiyOuG/KCFun6aJcQHQr13IjcBQe7na3TnYlt8idT6wsjsvuVR5vg0RpITWPBQxymsYU9dO2iB15Q6DLKh8wMibzES4sTX6QjhZiHjmBzX4tNhSTj9Ddk8fvA5wz6Lp0W/arrlEFEMW6PH6Sf root@ubuntu-xenial
-----END SSH HOST KEY KEYS-----
[   30.025700] cloud-init[1535]: Cloud-init v. 18.5-45-g3554ffe8-0ubuntu1~16.04.1 running 'modules:final' at Sun, 12 May 2019 17:08:50 +0000. Up 29.85 seconds.
[   30.025865] cloud-init[1535]: ci-info: no authorized ssh keys fingerprints found for user ubuntu.
[   30.025953] cloud-init[1535]: Cloud-init v. 18.5-45-g3554ffe8-0ubuntu1~16.04.1 finished at Sun, 12 May 2019 17:08:50 +0000. Datasource DataSourceNoCloud [seed=/dev/sdb][dsmode=net].  Up 30.00 seconds
[    0.000000] Initializing cgroup subsys cpuset
[    0.000000] Initializing cgroup subsys cpu
[    0.000000] Initializing cgroup subsys cpuacct
[    0.000000] Linux version 4.4.0-146-generic (buildd@lcy01-amd64-025) (gcc version 5.4.0 20160609 (Ubuntu 5.4.0-6ubuntu1~16.04.10) ) #172-Ubuntu SMP Wed Apr 3 09:00:08 UTC 2019 (Ubuntu 4.4.0-146.172-generic 4.4.177)
[    0.000000] Command line: BOOT_IMAGE=/boot/vmlinuz-4.4.0-146-generic root=LABEL=cloudimg-rootfs ro console=tty1 console=ttyS0
[    0.000000] KERNEL supported cpus:
[    0.000000]   Intel GenuineIntel
[    0.000000]   AMD AuthenticAMD
[    0.000000]   Centaur CentaurHauls
[    0.000000] x86/fpu: xstate_offset[2]:  576, xstate_sizes[2: 56
[    0.000000] x86/fpu: Supporting XSAVE featurre 0x01: 'x87 floating point registers'
[    0.000000] x86/fpu: Supporting XSAVE feature 0x02: 'SSE registers'
[    0.000000] x86/fpu: Supporting XSAVE feature 0x04: 'AVX registers'
[    0.000000] x86/fpu: Enabled xstate features 0x7, context size is 832 bytes, using 'standard' format.
[    0.000000] e820: BIOS-provided physical RAM map:
[    0.000000] BIOS-e820: [mem 0x0000000000000000-0x000000000009fbff] usable
[    0.000000] BIOS-e820: [mem 0x000000000009fc00-0x000000000009ffff] reserved
[    0.000000] BIOS-e820: [mem 0x00000000000f0000-0x00000000000fffff] reserved
[    0.000000] BIOS-e820: [mem 0x0000000000100000-0x000000003ffeffff] usable
[    0.000000] BIOS-e820: [mem 0x000000003fff0000-0x000000003fffffff] ACPI data
[    0.000000] BIOS-e820: [mem 0x00000000fec00000-0x00000000fec00fff] reserved
[    0.000000] BIOS-e820: [mem 0x00000000fee00000-0x00000000fee00fff] reserved
[    0.000000] BIOS-e820: [mem 0x00000000fffc0000-0x00000000ffffffff] reserved
[    0.000000] NX (Execute Disable) protection: active
[    0.000000] SMBIOS 2.5 present.
[    0.000000] Hypervisor detected: KVM
[    0.000000] e820: last_pfn = 0x3fff0 max_arch_pfn = x400000
[  0.00000] MTRR: Disabled
[    0.000000] x86/PAT: MTRRs disabled, skipping PAT initialization too.
[    0.000000] CPU MTRRs all blank - virtualized system.
[    0.000000] x86/PAT: Configuration [0-7]: WB  WT  UC- UC  WB  WT  UC- UC  
[    0.00000] found SMP MP-table at [mem 0x0009fff0-0x0009ffff] mapped at [ffff88000009fff0]
[    0.000000] Scanning 1 areas for low memory corruption
[    0.000000] RAMDISK: [mem 0x362fa000-0x37174fff]
[    0.000000] ACPI: Early table checksum verification disabled
[    0.000000] ACPI: RSDP 0x00000000000E0000 000024 (v02 VBOX  )
[    0.000000] ACPI: XSDT 0x000000003FFF0030 00003C (v01 VBOX   VBOXXSDT 00000001 ASL  00000061)
[    0.000000] ACPI: FACP 0x000000003FFF00F0 0000F4 (v04 VBOX  VBOAC 000001 ASL  00000061)
[    0.000000] ACPI: DSDT 0x000000003FFF0470 0021FF (v02 VBOX   VBOXBIOS 00000002 INTL 20180105)
[    0.000000] ACPI: FACS 0x000000003FFF0200 000040
[    0.000000] ACPI: FACS 0x000000003FFF0200 000040
[    0.000000] ACPI: APIC 0x000000003FFF0240 00005C (v02 VBOX   VBOXAPIC 00000001 ASL  00000061)
[    00000] CPI: SDT 0x000000003FFF02A0 0001CC (v01 VBOX   VBOXCPUT 00000002 INTL 20180105)
[    0.000000] No NUMA configuration found
[    0.000000] Faking a node at [mem 0x0000000000000000-0x000000003ffeffff]
[    0.000000] NODE_DATA(0) allocated [mem 0x3ffeb000-0x3ffeffff]
[    0.000000] kvm-clock: Using msrs 4b564d01 and 4b564d00
[    0.000000] kvm-clock: cpu 0, msr 0:3ffe3001, primary cpu clock
[    0.000000] kvm-clock: using sched offset of 1133637567971 cycles
[    0.000000] clocksource: kvm-clock: mask: 0xffffffffffffffff max_cycles: 0x1cd42e4dffb, max_idle_ns: 881590591483 ns
[    0.000000] Zone ranges:
[    0.000000]   DMA      [mem 0x0000000000001000-0x0000000000ffffff]
[    0.000000]   DMA32   [mem 0x0000000001000000-0x000000003ffeffff]
[    0.000000]   Normal   empty
[    0.000000]   Device   empty
[    0.000000] Movable zone start for each node
[    0.000000] Early memory node ranges
[    0.000000]   node   0: [mem 0x0000000000001000-0x000000000009efff]
[    0.000000]   node   0: [mem 0x0000000000100000-0x000000003ffeffff]
[    0.000000] Initmem setup node 0 [mem 0x0000000000001000-0x000000003ffeffff]
[    0.000000] ACPI: PM-Timer IO Port: 0x4008
[    0.000000] IOAPIC[0]: apic_id 2, version 32, address 0xfec00000, GSI 0-23
[    0.000000] ACPI: INT_SRC_OVR (bus 0 bus_irq 0 global_irq 2 dfl dfl)
[    0.000000] ACPI: INT_SRC_OVR (bus 0 bus_irq 9 global_irq 9 low level)
[    0.000000] Using ACPI (MADT) for SMP configuration information
[    0.000000] smpboot: Allowing 2 CPUs, 0 hotplug CPUs
[    0.000000] PM: Registered nosave memory: [mem 0x00000000-0x00000fff]
[    0.000000] PM: Registered nosave memory: [mem 0x0009f000-0x0009ffff]
[    0.000000] PM: Registered nosave memor: [mem 0x000a0000-0x000effff]
[    0.0000 PM: Registerd nosave memory: [mem 0x000f0000-0x000fffff]
[    0.000000] e820: [mem 0x40000000-0xfebfffff] available for PCI devices
[    0.000000] Booting paravirtualized kernel on KVM
[    0.000000] clocksource: refined-jiffies: mask: 0xffffffff max_cycles: 0xffffffff, max_idle_ns: 7645519600211568 ns
[    0.000000] setup_percpu: NR_CPUS:512 nr_cpumask_bits:512 nr_cpu_ids:2 nr_node_ids:1
[    0.000000] PERCPU: Embedded 34 pages/cpu @ffff88003fc00000 s99480 r8192 d31592 u1048576
[    0.000000] Built 1 zonelists in Node order, mobility grouping on.  Total pages: 257912
[    0.000000] Policy zone: DMA32
[    0.000000] Kernel command line: BOOT_IMAGE=/boot/vmlinuz-4.4.0-146-generic root=LABEL=cloudimg-rootfs ro console=tty1 console=ttyS0
[    0.000000] PID hash table entries: 4096 (order: 3, 32768 bytes)
[    0.000000] Memory: 997732K/1048120K available (8609K kernel code, 1334K rwdata, 4028K rodata, 1484K init, 1284K bss, 50388K reserved, 0K cma-reserved)
[    0.000000] SLUB: HWalign=64, Order=0-3, MinObjects=0, CPUs=2, Nodes=1
[    0.000000] Kernel/User page tables isolio: enabled
[    0.000000] Hierarchical RCU implementation.
[    0.000000] 	Build-time adjustment of leaf fanout to 64.
[    0.000000] 	U restrictingCPUs from NR_CPUS=512 to nr_cpu_ids=2.
[    0.000000] RCU: Adjusting geometry for rcu_fanout_leaf=64, nr_cpu_ids=2
[    0.000000] NR_IRQS:33024 nr_irqs:440 16
[    0.000000] Console: lour VGA+ 80x25
[    0.000000] console [tty1] enabled
[    0.000000] console [ttyS0] enabled
[    0.000000] tsc: Detected 3691.450 MHz processor
[    0.538833] Calibrating delay loop (skipped) preset value.. 7382.90 BogoMIPS (lpj=14765800)
[    0.540211] pid_max: default: 32768 minimum: 301
[    0.540960] ACPI: Core revision 20150930
[    0.5427] ACPI: 2 ACPI AML tables successfuy acquired and loaded
[    0.581086] Security Framework initialized
[    0.581747] Yam: becoming mindful.
[     0.591808] AppArmor: AppArmor initialized
[    0.592562] Dentry cache hash table entries: 131072 (order: 8, 1048576 bytes)
[    0.593892] Inode-cache hash table entries: 65536 (order: 7, 524288 bytes)
[    0.594966] Mount-cache hash table entries: 2048 (order: 2, 16384 bytes)
[    0.595922] Mountpoint-cache hash table entries: 2048 (order: 2, 16384 bytes)
[    0.597058] Initializing cgroup subsys io
[    0.597734] Initializing cgroup subsys memory
[    0.598460] Initializing cgroup subsys devices
[    0.607631] Initializing cgroup subsys freezer
[    0.608333] Initializing cgroup subsys net_cls
[    0.609031] Initializing cgroup subsys perf_event
[    0.609767] Initializing cgroup subsys net_prio
[    0.618404] Initializing cgroup subsys hugetlb
[    0.619007] Initializing cgroup subsys pids
[    0.620339] mce: CPU supports 0 MCE banks
[    0.620918] Last level iTLB entries: 4KB 1024, 2MB 1024, 4MB 1024
[    0.621700] Last level dTLB entries: 4KB 1024, 2MB 1024, 4MB 1024, 1GB 4
[    0.622599] Spectre V2 : Mitigation: Full generic retpoline
[    0.623388] Spectre V2 : Spectre v2 / SpectreRSB mitigation: Filling RSB on context switch
[    0.624703] Speculative Store Bypass: Vulnerable
[    0.627226] Freeing SMP alternatives memory: 36K
[    0.634298] ftrace: allocating 32287 entries in 127 pages
[    0.675128] smpboot: APIC(0) Converting physical 0 to logical package 0
[    0.676128] smpboot: Max logical packages: 1
[    0.677008] x2apic enabled
[    0.677677] Switched APIC routing to physical x2apic.
[    0.696054] ..TIMER: vector=0x30 apic1=0 pin1=2 apic2=-1 pin2=-1
[    0.802234] smpboot: CPU0: Intel(R) Core(TM) i3-4170 CPU @ 3.70GHz (family: 0x6, model: 0x3c, stepping: 0x3)
[    0.809163] Performance Events: unsupported p6 CPU model 60 no PMU driver, software events only.
[    0.818529] KVM setup paravirtual spinlock
[    0.819850] x86: Booting SMP configuration:
[    0.820538] .... node  #0, CPUs:      #1
[    0.821283] kvm-clock: cpu 1, msr 0:3ffe3041, secondary cpu clock
[    0.823639] mce: CPU supports 0 MCE banks
[    0.825983] x86: Booted up 1 node, 2 CPUs
[    0.826821] smpboot: Total of 2 processors activated (14765.80 BogoMIPS)
[    0.831254] devtmpfs: initialized
[    0.832890] evm: security.selinux
[    0.833486] evm: security.SMACK64
[    0.834075] evm: security.SMACK64EXEC
[    0.834715] evm: security.SMACK64TRANSMUTE
[    0.835396] evm: security.SMACK64MMAP
[    0.836016] evm: security.ima
[    0.836554] evm: security.capability
[    0.837325] clocksource: jiffies: mask: 0xffffffff max_cycles: 0xffffffff, max_idle_ns: 7645041785100000 ns
[    0.838860] futex hash table entries: 512 (order: 3, 32768 bytes)
[    0.839870] pinctrl core: initialized pinctrl subsystem
[    0.842594] RTC time: 17:27:10, date: 05/12/19
[    0.843453] NET: Registered protocol family 16
[    0.854545] cpuidle: using governor ladder
[    0.866044] cpuidle: using governor menu
[    0.867373] PCCT header not found.
[    0.874178] ACPI: bus type PCI registered
[    0.880128] acpiphp: ACPI Hot Plug PCI Controller Driver version: 0.5
[    0.881138] PCI: Using configuration type 1 for base access
[    0.894850] ACPI: Added _OSI(Module Device)
[    0.944269] ACPI: Added _OSI(Processor Device)
[    0.998469] ACPI: Added _OSI(3.0 _SCP Extensions)
[    1.002772] ACPI: Added _OSI(Processor Aggregator Device)
[    1.003985] ACPI: Executed 1 blocks of module-level executable AML code
[    1.006419] ACPI: Interpreter enabled
[    1.017960] ACPI: (supports S0 S5)
[    1.018933] ACPI: Using IOAPIC for interrupt routing
[    1.020242] PCI: Using host bridge windows from ACPI; if necessary, use "pci=nocrs" and report a bug
[    1.037666] ACPI: PCI Root Bridge [PCI0] (domain 0000 [bus 00-ff])
[    1.043731] acpi PNP0A03:00: _OSC: OS supports [ASPM ClockPM Segments MSI]
[    1.044593] acpi PNP0A03:00: _OSC: not requesting OS control; OS requires [ExtendedConfig ASPM ClockPM MSI]
[    1.045879] acpi PNP0A03:00: fail to add MMCONFIG information, can't access extended PCI configuration space under this bridge.
[    1.058420] PCI host bridge to bus 0000:00
[    1.059094] pci_bus 0000:00: root bus resource [io  0x0000-0x0cf7 window]
[    1.062124] pci_bus 0000:00: root bus resource [io  0x0d00-0xffff window]
[    1.068388] pci_bus 0000:00: root bus resource [mem 0x000a0000-0x000bffff window]
[    1.069589] pci_bus 0000:00: root bus resource [mem 0x40000000-0xfdffffff window]
[    1.090581] pci_bus 0000:00: root bus resource [bus 00-ff]
[    1.092448] pci 0000:00:01.1: legacy IDE quirk: reg 0x10: [io  0x01f0-0x01f7]
[    1.094407] pci 0000:00:01.1: legacy IDE quirk: reg 0x14: [io  0x03f6]
[    1.107982] pci 0000:00:01.1: legacy IDE quirk: reg 0x18: [io  0x0170-0x0177]
[    1.111836] pci 0000:00:01.1: legacy IDE quirk: reg 0x1c: [io  0x0376]
[    1.132404] pci 0000:00:07.0: quirk: [io  0x4000-0x403f] claimed by PIIX4 ACPI
[    1.156309] pci 0000:00:07.0: quirk: [io  0x4100-0x410f] claimed by PIIX4 SMB
[    1.176559] ACPI: PCI Interrupt Link [LNKA] (IRQs 5 9 10 *11)
[    1.178815] ACPI: PCI Interrupt Link [LNKB] (IRQs 5 9 *10 11)
[    1.180131] ACPI: PCI Interrupt Link [LNKC] (IRQs 5 *9 10 11)
[    1.188375] ACPI: PCI Interrupt Link [LNKD] (IRQs 5 9 10 *11)
[    1.194907] ACPI: Enabled 2 GPEs in block 00 to 07
[    1.196004] vgaarb: setting as boot device: PCI:0000:00:02.0
[    1.196848] vgaarb: device added: PCI:0000:00:02.0,decodes=io+mem,owns=io+mem,locks=none
[    1.198114] vgaarb: loaded
[    1.198671] vgaarb: bridge control possible 0000:00:02.0
[    1.199676] SCSI subsystem initialized
[    1.205821] ACPI: bus type USB registered
[    1.222393] usbcore: registered new interface driver usbfs
[    1.223154] usbcore: registered new interface driver hub
[    1.223858] usbcore: registered new device driver usb
[    1.224733] PCI: Using ACPI for IRQ routing
[    1.225566] NetLabel: Initializing
[    1.226159] NetLabel:  domain hash size = 128
[    1.227927] NetLabel:  protocols = UNLABELED CIPSOv4
[    1.228858] NetLabel:  unlabeled traffic allowed by default
[    1.229832] amd_nb: Cannot enumerate AMD northbridges
[    1.237017] clocksource: Switched to clocksource kvm-clock
[    1.24796] pAmor: AppArmor Filesystem Enabled
[    1.376416] pnp: PnP ACPI init
[    1.377479] pnp: PnP ACPI: found 3 devices
[    1.386267] clocksource: acpi_pm: mask: 0xffffff max_cycles: 0xffffff, max_idle_ns: 2085701024 ns
[    1.387789] NET: Registered protocol family 2
[    1.388742] TCP established hash table entries: 8192 (order: 4, 65536 bytes)
[    1.389843] TCP bind hash table entries: 8192 (order: 5, 131072 bytes)
[    1.390872] TCP: Hash tables configured (established 8192 bind 8192)
[    1.391945] UDP hash table entries: 512 (order: 2, 16384 bytes)
[    1.393022] UDP-Lite hash table entries: 512 (order: 2, 16384 bytes)
[    1.394195] NET: Registered protocol family 1
[    1.394915] pci 0000:00:00.0: Limiting direct PCI/PCI transfers
[    1.395823] pci 0000:00:01.0: Activating ISA DMA hang workarounds
[    1.396803] Unpacking initramfs...
[    1.576587] Freeing initrd memory: 14828K
[    1.605417] RAPL PMU detected, API unit is 2^-32 Joules, 4 fixed counters 10737418240 ms ovfl timer
[    1.606642] hw unit of domain pp0-core 2^-0 Joules
[    1.607283] hw unit of domain package 2^-0 Joules
[    1.607939] hw unit of domain dram 2^-0 Joules
[    1.608558] hw unit of domain pp1-gpu 2^-0 Joules
[    1.609305] platform rtc_cmos: registered platform RTC device (no PNP device found)
[    1.610431] Scanning for low memory corruption every 60 seconds
[    1.611566] audit: initializing netlink subsys (disabled)
[    1.612575] audit: type=2000 audit(1557683165.395:1): initialized
[    1.613775] Initialise system trusted keyring
[    1.614559] HugeTLB registered 2 MB page size, pre-allocated 0 pages
[    1.616400] zbud: loaded
[    1.625542] VFS: Disk quotas dquot_6.6.0
[    1.626239] VFS: Dquot-cache hash table entries: 512 (order 0, 4096 bytes)
[    1.627424] squashfs: version 4.0 (2009/01/31) Phillip Lougher
[    1.628517] fuse init (API version 7.23)
[    1.629260] Key type big_key registered
[    1.629953] Allocating IMA MOK and blacklist keyrings.
[    1.631495] Key type asymmetric registered
[    1.632196] Asymmetric key parser 'x509' registered
[    1.633005] Block layer SCSI generic (bsg) driver version 0.4 loaded (major 249)
[    1.634334] io scheduler noop registered
[    1.635021] io scheduler deadline registered (default)
[    1.635865] io scheduler cfq registered
[    1.636599] pci_hotplug: PCI Hot Plug PCI Core version: 0.5
[    1.637483] pciehp: PCI Express Hot Plug Controller Driver version: 0.4
[    1.638586] ACPI: AC Adapter [AC] (on-line)
[    1.639322] input: Power Button as /devices/LNXSYSTM:00/LNXPWRBN:00/input/input0
[    1.640549] ACPI: Power Button [PWRF]
[    1.655335] input: Sleep Button as /devices/LNXSYSTM:00/LNXSLPBN:00/input/input1
[    1.656586] ACPI: Sleep Button [SLPF]
[    1.657412] GHES: HEST is not enabled!
[    1.658158] Serial: 8250/16550 driver, 32 ports, IRQ sharing enabled
[    1.680503] 00:02: ttyS0 at I/O 0x3f8 (irq = 4, base_baud = 115200) is a 16550A
[    1.682582] Linux agpgart interface v0.103
[    1.684524] loop: module loaded
[    1.685587] scsi host0: ata_piix
[    1.686302] scsi host1: ata_piix
[    1.686916] ata1: PATA max UDMA/33 cmd 0x1f0 ctl 0x3f6 bmdma 0xd000 irq 14
[    1.687924] ata2: PATA max UDMA/33 cmd 0x170 ctl 0x376 bmdma 0xd008 irq 15
[    1.688998] libphy: Fixed MDIO Bus: probed
[    1.689731] tun: Universal TUN/TAP device driver, 1.6
[    1.690557] tun: (C) 1999-2004 Max Krasnyansky <maxk@qualcomm.com>
[    1.691524] PPP generic driver version 2.4.2
[    1.692286] ehci_hcd: USB 2.0 'Enhanced' Host Controller (EHCI) Driver
[    1.693265] ehci-pci: EHCI PCI platform driver
[    1.694024] ehci-platform: EHCI generic platform driver
[    1.694848] ohci_hcd: USB 1.1 'Open' Host Controller (OHCI) Driver
[    1.695771] ohci-pci: OHCI PCI platform driver
[    1.696503] ohci-platform: OHCI generic platform driver
[    1.697351] uhci_hcd: USB Universal Host Controller Interface driver
[    1.698360] i8042: PNP: PS/2 Controller [PNP0303:PS2K,PNP0f03:PS2M] at 0x60,0x64 irq 1,12
[    1.700078] serio: i8042 KBD port at 0x60,0x64 irq 1
[    1.700864] serio: i8042 AUX port at 0x60,0x64 irq 12
[    1.701822] mousedev: PS/2 mouse device common for all mice
[    1.703006] rtc_cmos rtc_cmos: rtc core: registered rtc_cmos as rtc0
[    1.704037] rtc_cmos rtc_cmos: alarms up to one day, 114 bytes nvram
[    1.705038] i2c /dev entries driver
[    1.705698] input: AT Translated Set 2 keyboard as /devices/platform/i8042/serio0/input/input2
[    1.707236] device-mapper: uevent: version 1.0.3
[    1.708053] device-mapper: ioctl: 4.34.0-ioctl (2015-10-28) initialised: dm-devel@redhat.com
[    1.709431] ledtrig-cpu: registered to indicate activity on CPUs
[    1.710704] NET: Registered protocol family 10
[    1.711625] NET: Registered protocol family 17
[    1.712363] Key type dns_resolver registered
[    1.713261] registered taskstats version 1
[    1.713988] Loading compiled-in X.509 certificates
[    1.715258] Loaded X.509 cert 'Build time autogenerated kernel key: 4dcb2dc2c7cf43e0c20c44384f68683c20294489'
[    1.716799] zswap: loaded using pool lzo/zbud
[    1.718979] Key type trusted registered
[    1.721957] Key type encrypted registered
[    1.722703] AppArmor: AppArmor sha1 policy hashing enabled
[    1.723542] ima: No TPM chip found, activating TPM-bypass!
[    1.724304] ima: Allocated hash algorithm: sha1
[    1.725003] evm: HMAC attrs: 0x1
[    1.725785]   Magic number: 3:624:491
[    1.726444] rtc_cmos rtc_cmos: setting system clock to 2019-05-12 17:27:11 UTC (1557682031)
[    1.727737] BIOS EDD facility v0.16 2004-Jun-25, 0 devices found
[    1.728644] EDD information not available.
[    1.848673] Freeing unused kernel memory: 1484K
[    1.851971] Write protecting the kernel read-only data: 14336k
[    1.855043] Freeing unused kernel memory: 1620K
[    1.856156] Freeing unused kernel memory: 68K
Loading, please wait...
starting version[    1.869740] random: systemd-udevd: uninitialized urandom read (16 bytes read, 2 bits of entropy available)
 229
[    1.870591] random: udevadm: uninitialized urandom read (16 bytes read, 2 bits of entropy available)
[    1.870616] random: udevadm: uninitialized urandom read (16 bytes read, 2 bits of entropy available)
[    1.879287] random: udevadm: uninitialized urandom read (16 bytes read, 2 bits of entropy available)
[    1.879319] random: udevadm: uninitialized urandom read (16 bytes read, 2 bits of entropy available)
[    1.879422] random: udevadm: uninitialized urandom read (16 bytes read, 2 bits of entropy available)
[    1.879457] random: udevadm: uninitialized urandom read (16 bytes read, 2 bits of entropy available)
[    1.879493] random: udevadm: uninitialized urandom read (16 bytes read, 2 bits of entropy available)
[    1.879529] random: udevadm: uninitialized urandom read (16 bytes read, 2 bits of entropy available)
[    1.879563] random: udevadm: uninitialized urandom read (16 bytes read, 2 bits of entropy available)
[    1.928395] Fusion MPT base driver 3.04.20
[    1.935396] Copyright (c) 1999-2008 LSI Corporation
[    1.940217] e1000: Intel(R) PRO/1000 Network Driver - version 7.3.21-k8-NAPI
[    1.950321] e1000: Copyright (c) 1999-2006 Intel Corporation.
[    1.960920] Fusion MPT SPI Host driver 3.04.20
[    1.963539] AVX2 version of gcm_enc/dec engaged.
[    1.965449] AES CTR mode by8 optimization enabled
[    2.151489] input: ImExPS/2 Generic Explorer Mouse as /devices/platform/i8042/serio1/input/input4
[    2.294559] e1000 0000:00:03.0 eth0: (PCI:33MHz:32-bit) 02:3a:f4:24:e2:72
[    2.295888] e1000 0000:00:03.0 eth0: Intel(R) PRO/1000 Network Connection
[    2.297967] e1000 0000:00:03.0 enp0s3: renamed from eth0
[    2.297968] mptbase: ioc0: Initiating bringup
[    2.369732] ioc0: LSI53C1030 A0: Capabilities={Initiator}
[    2.550160] scsi host2: ioc0: LSI53C1030 A0, FwRev=00000000h, Ports=1, MaxQ=256, IRQ=20
[    2.605141] clocksource: tsc: mask: 0xffffffffffffffff max_cycles: 0x6a6b9185e63, max_idle_ns: 881590977594 ns
[    2.862625] scsi 2:0:0:0: Direct-Access     VBOX     HARDDISK         1.0  PQ: 0 ANSI: 5
[    2.955608] scsi target2:0:0: Beginning Domain Validation
[    2.957369] scsi target2:0:0: Domain Validation skipping write tests
[    2.958168] scsi target2:0:0: Ending Domain Validation
[    2.958882] scsi target2:0:0: asynchronous
[    2.959820] scsi 2:0:1:0: Direct-Access     VBOX     HARDDISK         1.0  PQ: 0 ANSI: 5
[    2.960943] scsi target2:0:1: Beginning Domain Validation
[    2.962465] scsi target2:0:1: Domain Validation skipping write tests
[    2.970524] scsi target2:0:1: Ending Domain Validation
[    2.971288] scsi target2:0:1: asynchronous
[    2.975658] sd 2:0:0:0: [sda] 20971520 512-byte logical blocks: (10.7 GB/10.0 GiB)
[    2.976847] sd 2:0:0:0: Attached scsi generic sg0 type 0
[    2.977673] sd 2:0:0:0: [sda] Write Protect is off
[    2.978476] sd 2:0:0:0: [sda] Incomplete mode parameter data
[    2.979222] sd 2:0:0:0: [sda] Assuming drive cache: write through
[    2.980483] sd 2:0:1:0: [sdb] 20480 512-byte logical blocks: (10.5 MB/10.0 MiB)
[    2.980518] sd 2:0:1:0: Attached scsi generic sg1 type 0
[    2.986336] sd 2:0:1:0: [sdb] Write Protect is off
[    2.987206] sd 2:0:1:0: [sdb] Incomplete mode parameter data
[    2.988068] sd 2:0:1:0: [sdb] Assuming drive cache: write through
[    3.008944]  sda: sda1
[    3.017503] sd 2:0:1:0: [sdb] Attached SCSI disk
[    3.038393] sd 2:0:0:0: [sda] Attached SCSI disk
Begin: Loading essential drivers ... [    4.351055] md: linear personality registered for level -1
[    4.354359] md: multipath personality registered for level -4
[    4.365201] md: raid0 personality registered for level 0
[    4.378213] md: raid1 personality registered for level 1
[    4.449064] raid6: sse2x1   gen() 10657 MB/s
[    4.538619] raid6: sse2x1   xor()  9119 MB/s
[    4.609057] raid6: sse2x2   gen() 14796 MB/s
[    4.681051] raid6: sse2x2   xor()  9766 MB/s
[    4.749040] raid6: sse2x4   gen() 16685 MB/s
[    4.817061] raid6: sse2x4   xor() 11840 MB/s
[    4.885052] raid6: avx2x1   gen() 22178 MB/s
[    4.953055] raid6: avx2x2   gen() 26236 MB/s
[    5.021054] raid6: avx2x4   gen() 29952 MB/s
[    5.021836] raid6: using algorithm avx2x4 gen() 29952 MB/s
[    5.025736] raid6: using avx2x2 recovery algorithm
[    5.032713] xor: automatically using best checksumming function:
[    5.093024]    avx       : 74182.000 MB/sec
[    5.176487] async_tx: api initialized (async)
[    5.184080] md: raid6 personality registered for level 6
[    5.187095] md: raid5 personality registered for level 5
[    5.187917] md: raid4 personality registered for level 4
[    5.193658] md: raid10 personality registered for level 10
done.
Begin: Running /scripts/init-premount ... done.
Begin: Mounting root file system ... Begin: Running /scripts/local-top ... done.
Begin: Running /scripts/local-premount ... [    5.225614] Btrfs loaded
Scanning for Btrfs filesystems
done.
Warning: fsck not present, so skipping root file system
[    5.269114] EXT4-fs (sda1): INFO: recovery required on readonly filesystem
[    5.270355] EXT4-fs (sda1): write access will be enabled during recovery
[    5.446006] EXT4-fs (sda1): recovery complete
[    5.466505] EXT4-fs (sda1): mounted filesystem with ordered data mode. Opts: (null)
done.
Begin: Running /scripts/local-bottom ... done.
Begin: Running /scripts/init-bottom ... done.
[    6.187722] systemd[1]: systemd 229 running in system mode. (+PAM +AUDIT +SELINUX +IMA +APPARMOR +SMACK +SYSVINIT +UTMP +LIBCRYPTSETUP +GCRYPT +GNUTLS +ACL +XZ -LZ4 +SECCOMP +BLKID +ELFUTILS +KMOD -IDN)
[    6.213775] systemd[1]: Detected virtualization oracle.
[    6.214828] systemd[1]: Detected architecture x86-64.

Welcome to [1mUbuntu 16.04.6 LTS[0m!

[    6.239310] systemd[1]: Set hostname to <ubuntu-xenial>.
[    6.533192] random: nonblocking pool is initialized
[    7.238874] systemd[1]: Listeiing on ude  oottrol Socket.
[[0;32m  OK  [0m] Listening on udev Control Socket.
[    7.355485] systemd[1]: Created slice User and Session Slice.
[[0;32m  OK  [0m] Created slice User and Session Slice.
[    7.357076] systemd[1]: Listening on Journal Audit Socket.
[[0;32m  OK  [0m] Listening on Journal Audit Socket.
[    7.369340] systemd[1]: Started Forward Password Requests to Wall Directory Watch.
[[0;32m  OK  [0m] Started Forward Password Requests to Wall Directory Watch.
[    7.391436] systemd[1]: Listening on LVM2 poll daemon socket.
[[0;32m  OK  [0m] Listening on LVM2 poll daemon socket.
[    7.393053] systemd[1]: Listening on Journal Socket.
[[0;32m  OK  [0m] Listening on Journal Socket.
[    7.397866] systemd[1]: Listening on Journal Socket (/dev/log).
[[0;32m  OK  [0m] Listening on Journal Socket (/dev/log).
[    7.420587] systemd[1]: Reached target Swap.
[[0;32m  OK  [0m] Reached target Swap.
[    7.456208] systemd[1]: Reached target User and Group Name Lookups.
[[0;32m  OK  [0m] Reached target User and Group Name Lookups.
[    7.458097] systemd[1]: Created slice System Slice.
[[0;32m  OK  [0m] Created slice System Slice.
[    7.469186] systemd[1]: Starting Nameserver information manager...
         Starting Nameserver information manager...
[    7.472176] systemd[1]: Starting Set console keymap...
         Starting Set console keymap...
[    7.593426] systemd[1]: Starting Load Kernel Modules...
         Starting Load Kernel Modules...
[    7.607772] systemd[1]: Created slice system-serial\x2dgetty.slice.
[[0;32m  OK  [0m] Created slice system-serial\x2dgetty.slice.
[    7.612088] systemd[1]: Mounting Debug File System...
         Mounting Debug File System...
[    7.641404] systemd[1]: Starting Create list of required static device nodes for the current kernel...
         Starting Create list of required st... nodes for the current kernel...
[    7.692376] systemd[1]: Listening on udev Kernel Socket.
[[0;32m  OK  [0m] Listening on udev Kernel Socket.
[    7.694164] systemd[1]: Listening on Device-mapper event daemon FIFOs.
[[0;32m  OK  [0m] Listening on Device-mapper event daemon FIFOs.
[    7.704806] systemd[1]: Listening on Syslog Socket.
[[0;32m  OK  [0m] Listening on Syslog Socket.
[    7.721573] systemd[1]: Starting Journal Service...
         Starting Journal Service...
[    7.725283] systemd[1]: Starting Uncomplicated firewall...
         Starting Uncomplicated firewall...
[    7.730581] systemd[1]: Set up automount Arbitrary Executable File Formats File System Automount Point.
[[0;32m  OK  [0m] Set up automount Arbitrary Executab...ats File System Automount Point.
[    7.753953] systemd[1]: Mounting Huge Pages File System...
         Mounting Huge Pages File System...
[    7.756056] systemd[1]: Starting Remount Root and Kernel File Systems...
         Starting Remount Root and Kernel File Systems...
[    7.757852] systemd[1]: Started Trigger resolvconf update for networkd DNS.
[[0;32m  OK  [0m] Started Trigger resolvconf update for networkd DNS.
[    7.777093] Loading iSCSI transport class v2.0-870.
[    7.837170] EXT4-fs (sda1): re-mounted. Opts: (null)
[    7.887108] systemd[1]: Reached target Encrypted Volumes.
[[0;32m  OK  [0m] Reached targe[    7.908242] iscsi: registered transport (tcp)
t Encrypted Volumes.
[    7.953133] systemd[1]: Mounting POSIX Message Queue File System...
         Mounting POSIX Message Queue File System...
[    7.955792] systemd[1]: Listening on /dev/initctl Compatibility Named Pipe.
[[0;32m  OK  [0m] Listening on /dev/initctl Compatibility Named Pipe.
[    7.958445] systemd[1]: Reached target Slices.
[[0;32m  OK  [0m] Reached target Slices.
[    7.964225] systemd[1]: Reached target System Time Synchronized.
[[0;32m  OK  [0m] Reached target System Time Synchronized.
[    7.980513] systemd[1]: Listening on LVM2 metadata daemon socket.
[[0;32m  OK  [0m] Listening on LVM2 metadata daemon socket.
[    7.985245] systemd[1]: Starting Monitoring of LVM2 mirrors, snapshots etc. using dmeventd or progress polling...
         Starting Monitoring of LVM2 mirrors... dmeventd or progress polling...
[    7.989999] systemd[1]: Mounted POSIX Message Queue File System.
[[0;32m  OK  [0m] Mounted POSIX Message Queue File System.
[    7.991702] systemd[1]: Mounted Debug File System.
[[0;32m  OK  [0m] Mounted Debug File System.
[    7.993239] systemd[1]: Mounted Huge Pages File System.
[[0;32m  OK  [0m] Mounted Huge Pages File System.
[    8.057685] systemd[1]: Started Journal Service.
[[0;32m  OK  [0m] Started Journal Service.
[    8.094981] iscsi: registered transport (iser)
[[0;32m  OK  [0m] Started Set console keymap.
[[0;32m  OK  [0m] Started Load Kernel Modules.
[[0;32m  OK  [0m] Started Create list of required sta...ce nodes for the current kernel.
[[0;32m  OK  [0m] Started Uncomplicated firewall.
[[0;32m  OK  [0m] Started Remount Root and Kernel File Systems.
[[0;32m  OK  [0m] Started Nameserver information manager.
[[0;32m  OK  [0m] Started LVM2 metadata daemon.
         Starting Load/Save Random Seed...
         Starting udev Coldplug all Devices...
         Starting Create Static Device Nodes in /dev...
         Starting Apply Kernel Variables...
         Mounting FUSE Control File System...
         Starting Flush Journal to Persistent Storage...
[[0;32m  OK  [0m] Mounted FUSE Control File System.
[[0;32m  OK  [0m] Started Load/Save Random Seed.
[[0;32m  OK  [0m] Started udev Coldplug all Devices.
[    8.399358] systemd-journald[383]: Received request to flush runtime journal from PID 1
[[0;32m  OK  [0m] Started Flush Journal to Persistent Storage.
[[0;32m  OK  [0m] Started Monitoring of LVM2 mirrors,...ng dmeventd or progress polling.
[[0;32m  OK  [0m] Started Apply Kernel Variables.
[[0;32m  OK  [0m] Started Create Static Device Nodes in /dev.
         Starting udev Kernel Device Manager...
[[0;32m  OK  [0m] Reached target Local File Systems (Pre).
[[0;32m  OK  [0m] Reached target Local File Systems.
         Starting Create Volatile Files and Directories...
         Starting LSB: AppArmor initialization...
         Starting Tell Plymouth To Write Out Runtime Data...
         Starting Set console font and keymap...
         Starting Initial cloud-init job (pre-networking)...
[[0;32m  OK  [0m] Started Create Volatile Files and Directories.
         Starting Update UTMP about System Boot/Shutdown...
[[0;32m  OK  [0m] Started Tell Plymouth To Write Out Runtime Data.
[[0;32m  OK  [0m] Started Update UTMP about System Boot/Shutdown.
[[0;32m  OK  [0m] Started Set console font and keymap.
[[0;32m  OK  [0m] Created slice system-getty.slice.
[[0;32m  OK  [0m] Started udev Kernel Device Manager.
[[0;32m  OK  [0m] Started Dispatch Password Requests to Console Directory Watch.
[[0;32m  OK  [0m] Found device /dev/ttyS0.
[[0;32m  OK  [0m] Listening on Load/Save RF Kill Switch Status /dev/rfkill Watch.
[[0;32m  OK  [0m] Found device 82540EM Gigabit Ethern...r (PRO/1000 MT Desktop Adapter).
[[0;32m  OK  [0m] Started LSB: AppArmor initialization.
[   14.134390] cloud-init[471]: Cloud-init v. 18.5-45-g3554ffe8-0ubuntu1~16.04.1 running 'init-local' at Sun, 12 May 2019 17:27:24 +0000. Up 13.44 seconds.
[[0;32m  OK  [0m] Started Initial cloud-init job (pre-networking).
[[0;32m  OK  [0m] Reached target Network (Pre).
         Starting Raise network interfaces...
[[0;32m  OK  [0m] Started ifup for enp0s3.
[[0;32m  OK  [0m] Started Raise network interfaces.
[[0;32m  OK  [0m] Reached target Network.
         Starting Initial cloud-init job (metadata service crawler)...
[   15.350125] cloud-init[966]: Cloud-init v. 18.5-45-g3554ffe8-0ubuntu1~16.04.1 running 'init' at Sun, 12 May 2019 17:27:25 +0000. Up 14.71 seconds.
[   15.388882] cloud-init[966]: ci-info: ++++++++++++++++++++++++++++++++++++++Net device info++++++++++++++++++++++++++++++++++++++
[   15.390748] cloud-init[966]: ci-info: +--------+------+----------------------------+---------------+--------+-------------------+
[   15.392685] cloud-init[966]: ci-info: | Device |  Up  |          Address           |      Mask     | Scope  |     Hw-Address    |[[0;32m  OK  [0m] Started Initial cloud-init job (metadata service crawler).
[[0;32m  OK  [0m] Reached target Network is Online.

[   15.395611] cloud-init[966]: ci-info: +--------+------+----------------------------+---------------+--------+-------------------+
[   15.403084] cloud-init[966]: ci-info: | enp0s3 | True |         10.0.2.15          | 255.255.255.0 | global | 02:3a:f4:24:e2:72 |
[   15.405777]          Starting iSCSI initiator daemon (iscsid)...
[[0;32m  OK  [0m] Reached target System Initialization.
cloud-init[966]: ci-info: | enp0s3 | True | fe80::3a:f4ff:fe24:e272/64 |       .       |  link  | 02:3a:f4:24:e2:72 |
[   15.414013] cloud-init[966]: ci-info: |   lo   | True |         127.0.0.1          |   255.0.0.0   |  host  |         .         |
[   15.416210] cloud-init[966]: ci-info: |   lo   | True |          ::1/128           |       .       |  host  |         .         |
[   15.424999] cloud-init[966]: ci-info: +--------+------+----------------------------+---------------+--------+-------------------+
[   15.441766] cloud-init[966]: ci-info: +++++++++++++++++++++++++++Route IPv4 info++++++++++++++++++++++++++++
[   15.456328] [[0;32m  OK  [0m] Started ACPI Events Check.
[[0;32m  OK  [0m] Reached target Paths.
[[0;32m  OK  [0m] Started Daily apt download activities.
cloud-init[966]: ci-info: +-------+-------------+----------+---------------+-----------+-------+
[   15.496320] [[0;32m  OK  [0m] Started Daily apt upgrade and clean activities.
         Starting LXD - unix socket.
         Starting Socket activation for snappy daemon.
[[0;32m  OK  [0m] Started Daily Cleanup of Temporary Directories.
[[0;32m  OK  [0m] Reached target Timers.
[[0;32m  OK  [0m] Listening on ACPID Listen Socket.
[[0;32m  OK  [0m] Listening on UUID daemon activation socket.
[[0;32m  OK  [0m] Listening on D-Bus System Message Bus Socket.
[[0;32m  OK  [0m] Reached target Cloud-config availability.
cloud-init[966]: ci-info: | Route | Destination | Gateway  |    Genmask    | Interface | Flags |
[   15.528154] [[0;32m  OK  [0m] Listening on LXD - unix socket.
[[0;32m  OK  [0m] Listening on Socket activation for snappy daemon.
cloud-init[966]: ci-info: +-------+-------------+----------+---------------+-----------+-------+
[   15.532809] cloud-init[966]: ci-info: |   0   |   0.0.0.0   | 10.0.2.2 |    0.0.0.0    |   enp0s3  |   UG  |
[   15.543162] cloud-init[966]: ci-info: |   1   |   10.0.2.0  | 0.0.0.0  | 255.255.255.0 |   enp0s3  |   U   |
[   15.557333] [[0;32m  OK  [0m] Reached target Sockets.
[[0;32m  OK  [0m] Reached target Basic System.
cloud-init[966]: ci-info: +-------+-------------+----------+---------------+-----------+-------+
[   15.560510] cloud-init[966]: ci-info: +++++++++++++++++++Route IPv6 info+++++++++++++++++++
[   15.561805] cloud-init[966]: ci-info: +-------+-------------+---------+-----------+-------+
[   15.568311] cloud-init[966]: ci-info: | Route | Destination | Gateway | Interface | Flags |
[   15.569435] cloud-init[966]: ci-info: +-------+-------------+---------+-----------+-------+
[   15.570499] cloud-init[966]: ci-info: |   0   |  fe80::/64  |    ::   |   enp0s3  |   U   |
[   15.571640] cloud-init[966]: ci-info: |   3   |   ff00::/8  |    ::   |   enp0s3  |   U   |
[   15.592509] cloud-init[966]: ci-info: +-------+-------------+---------+-----------+-------+
         Starting Login Service...
         Starting Accounts Service...
[[0;32m  OK  [0m] Started D-Bus System Message Bus.
[[0;32m  OK  [0m] Started Deferred execution scheduler.
         Starting LSB: Record successful boot for GRUB...
         Starting /etc/rc.local Compatibility...
         Starting Virtualbox guest utils...
         Starting Snappy daemon...
[[0;32m  OK  [0m] Started FUSE filesystem for LXC.
         Starting System Logging Service...
[[0;32m  OK  [0m] Started ACPI event daemon.
         Starting LSB: MD monitoring daemon...
[[0;32m  OK  [0m] Started Regular background program processing daemon.
         Starting OpenBSD Secure Shell server...
[[0;32m  OK  [0m] Started Unattended Upgrades Shutdown.
         Starting LXD - container startup/shutdown...
[[0;32m  OK  [0m] Started iSCSI initiator daemon (iscsid).
[[0;32m  OK  [0m] Started /etc/rc.local Compatibility.
[[0;32m  OK  [0m] Started Login Service.
         Starting Authenticate and Authorize Users to Run Privileged Tasks...
         Starting Login to default iSCSI targets...
[[0;32m  OK  [0m] Started LSB: Record successful boot for GRUB.
[[0;32m  OK  [0m] Started LSB: MD monitoring daemon.
[[0;32m  OK  [0m] Started Login to default iSCSI targets.
[[0;32m  OK  [0m] Reached target Remote File Systems (Pre).
[[0;32m  OK  [0m] Reached target Remote File Systems.
         Starting Permit User Sessions...
         Starting LSB: automatic crash report generation...
         Starting LSB: Set the CPU Frequency Scaling governor to "ondemand"...
         Starting LSB: daemon to balance interrupts for SMP systems...
[[0;32m  OK  [0m] Started LSB: Set the CPU Frequency Scaling governor to "ondemand".
[[0;32m  OK  [0m] Started Authenticate and Authorize Users to Run Privileged Tasks.
[[0;32m  OK  [0m] Started Accounts Service.
[[0;32m  OK  [0m] Started Permit User Sessions.
         Starting Hold until boot process finishes up...
         Starting Terminate Plymouth Boot Screen...
[[0;32m  OK  [0m] Started Hold until boot process finishes up.
[[0;32m  OK  [0m] Started Getty on tty1.
         Starting Set console scheme...
[[0;32m  OK  [0m] Started Serial Getty on ttyS0.
[[0;32m  OK  [0m] Reached target Login Prompts.
[[0;32m  OK  [0m] Started Terminate Plymouth Boot Screen.
[[0;32m  OK  [0m] Started LSB: daemon to balance interrupts for SMP systems.
[[0;32m  OK  [0m] Started System Logging Service.
[[0;32m  OK  [0m] Started Set console scheme.
[[0;32m  OK  [0m] Started LSB: automatic crash report generation.
[[0;32m  OK  [0m] Started Virtualbox guest utils.
[[0;32m  OK  [0m] Started OpenBSD Secure Shell server.
[[0;32m  OK  [0m] Started Snappy daemon.
         Starting Wait until snapd is fully seeded...
[[0;32m  OK  [0m] Started Wait until snapd is fully seeded.
[[0;32m  OK  [0m] Started LXD - container startup/shutdown.
         Starting Apply the settings specified in cloud-config...
[[0;32m  OK  [0m] Reached target Multi-User System.
[[0;32m  OK  [0m] Reached target Graphical Interface.
         Starting Update UTMP about System Runlevel Changes...
[[0;32m  OK  [0m] Started Update UTMP about System Runlevel Changes.
[   19.510906] cloud-init[1211]: Cloud-init v. 18.5-45-g3554ffe8-0ubuntu1~16.04.1 running 'modules:config' at Sun, 12 May 2019 17:27:30 +0000. Up 19.40 seconds.
[[0;32m  OK  [0m] Started Apply the settings specified in cloud-config.
         Starting Execute cloud user/final scripts...
[   19.867057] cloud-init[1223]: Cloud-init v. 18.5-45-g3554ffe8-0ubuntu1~16.04.1 running 'modules:final' at Sun, 12 May 2019 17:27:30 +0000. Up 19.78 seconds.
[   19.909820] cloud-init[1223]: Cloud-init v. 18.5-45-g3554ffe8-0ubuntu1~16.04.1 finished at Sun, 12 May 2019 17:27:30 +0000. Datasource DataSourceNoCloud [seed=/dev/sdb][dsmode=net].  Up 19.85 seconds
[[0;32m  OK  [0m] Started Execute cloud user/final scripts.
[[0;32m  OK  [0m] Reached target Cloud-init target.

Ubuntu 16.04.6 LTS ubuntu-xenial ttyS0

ubuntu-xenial login: 